Log file open, 02/04/18 10:46:37
LogInit:Display: Running engine for game: Journeyman
LogPlatformFile: Not using cached read wrapper
LogInit:Display: RandInit(1573531799) SRandInit(1573531799).
LogTaskGraph: Started task graph with 5 named threads and 10 total threads with 1 sets of task threads.
LogStats: Stats thread started at 0.126961
LogInit: Using libcurl 7.47.1
LogInit:  - built for x86_64-pc-win32
LogInit:  - supports SSL with OpenSSL/1.0.2g
LogInit:  - supports HTTP deflate (compression) using libz 1.2.8
LogInit:  - other features:
LogInit:      CURL_VERSION_SSL
LogInit:      CURL_VERSION_LIBZ
LogInit:      CURL_VERSION_IPV6
LogInit:      CURL_VERSION_ASYNCHDNS
LogInit:      CURL_VERSION_LARGEFILE
LogInit:      CURL_VERSION_IDN
LogInit:  CurlRequestOptions (configurable via config and command line):
LogInit:  - bVerifyPeer = false  - Libcurl will NOT verify peer certificate
LogInit:  - bUseHttpProxy = false  - Libcurl will NOT use HTTP proxy
LogInit:  - bDontReuseConnections = false  - Libcurl will reuse connections
LogInit:  - CertBundlePath = nullptr  - Libcurl will use whatever was configured at build time.
LogInit: Build: ++UE4+Release-4.16-CL-3561208
LogInit: Engine Version: 4.16.3-3561208+++UE4+Release-4.16
LogInit: Compatible Engine Version: 4.16.0-3452394+++UE4+Release-4.16
LogInit: Net CL: 3452394
LogDevObjectVersion: Number of dev versions registered: 16
LogDevObjectVersion:   Dev-Blueprints (B0D832E4-1F89-4F0D-ACCF-7EB736FD4AA2): 9
LogDevObjectVersion:   Dev-Build (E1C64328-A22C-4D53-A36C-8E866417BD8C): 0
LogDevObjectVersion:   Dev-Core (375EC13C-06E4-48FB-B500-84F0262A717E): 2
LogDevObjectVersion:   Dev-Editor (E4B068ED-F494-42E9-A231-DA0B2E46BB41): 17
LogDevObjectVersion:   Dev-Framework (CFFC743F-43B0-4480-9391-14DF171D2073): 23
LogDevObjectVersion:   Dev-Mobile (B02B49B5-BB20-44E9-A304-32B752E40360): 0
LogDevObjectVersion:   Dev-Networking (A4E4105C-59A1-49B5-A7C5-40C4547EDFEE): 0
LogDevObjectVersion:   Dev-Online (39C831C9-5AE6-47DC-9A44-9C173E1C8E7C): 0
LogDevObjectVersion:   Dev-Physics (78F01B33-EBEA-4F98-B9B4-84EACCB95AA2): 0
LogDevObjectVersion:   Dev-Platform (6631380F-2D4D-43E0-8009-CF276956A95A): 0
LogDevObjectVersion:   Dev-Rendering (12F88B9F-8875-4AFC-A67C-D90C383ABD29): 15
LogDevObjectVersion:   Dev-Sequencer (7B5AE74C-D270-4C10-A958-57980B212A5A): 4
LogDevObjectVersion:   Dev-VR (D7296918-1DD6-4BDD-9DE2-64A83CC13884): 0
LogDevObjectVersion:   Dev-LoadTimes (C2A15278-BFE7-4AFE-6C17-90FF531DF755): 1
LogDevObjectVersion:   Private-Geometry (6EACA3D4-40EC-4CC1-B786-8BED09428FC5): 1
LogDevObjectVersion:   Dev-AnimPhys (29E575DD-E0A3-4627-9D10-D276232CDCEA): 3
LogInit: Compiled (64-bit): Jul 28 2017 11:49:47
LogInit: Compiled with Visual C++: 19.00.24215.01
LogInit: Build Configuration: Development
LogInit: Branch Name: ++UE4+Release-4.16
LogInit: Command line:  
LogInit: Base directory: C:/Program Files/Epic Games/UE_4.16/Engine/Binaries/Win64/
LogInit: Installed Engine Build: 1
LogInit: Presizing for max 8388607 objects, including 0 objects not considered by GC, pre-allocating 0 bytes for permanent pool.
LogInit: Object subsystem initialized
[2018.02.04-10.46.38:603][  0]LogInit: Selected Device Profile: [Windows]
[2018.02.04-10.46.38:603][  0]LogInit: Applying CVar settings loaded from the selected device profile: [Windows]
[2018.02.04-10.46.38:620][  0]LogInit: Computer: TU45342
[2018.02.04-10.46.38:620][  0]LogInit: User: s6088054
[2018.02.04-10.46.38:620][  0]LogInit: CPU Page size=4096, Cores=6
[2018.02.04-10.46.38:620][  0]LogInit: High frequency timer resolution =3.410071 MHz
[2018.02.04-10.46.38:620][  0]LogMemory: Memory total: Physical=31.9GB (32GB approx)
[2018.02.04-10.46.38:620][  0]LogMemory: Platform Memory Stats for Windows
[2018.02.04-10.46.38:620][  0]LogMemory: Process Physical Memory: 274.82 MB used, 274.82 MB peak
[2018.02.04-10.46.38:620][  0]LogMemory: Process Virtual Memory: 267.63 MB used, 267.63 MB peak
[2018.02.04-10.46.38:620][  0]LogMemory: Physical Memory: 7689.27 MB used,  24994.89 MB free, 32684.16 MB total
[2018.02.04-10.46.38:620][  0]LogMemory: Virtual Memory: 634.49 MB used,  24994.89 MB free, 134217728.00 MB total
[2018.02.04-10.46.38:833][  0]LogInit: Using OS detected language (en-US).
[2018.02.04-10.46.38:833][  0]LogInit: Using OS detected locale (en-GB).
[2018.02.04-10.46.38:837][  0]LogTextLocalizationManager: No specific localization for 'en-US' exists, so the 'en' localization will be used.
[2018.02.04-10.46.39:853][  0]LogD3D11RHI: D3D11 adapters:
[2018.02.04-10.46.39:882][  0]LogD3D11RHI:    0. 'NVIDIA GeForce GTX 980 Ti' (Feature Level 11_0)
[2018.02.04-10.46.39:882][  0]LogD3D11RHI:       6102/0/16342 MB DedicatedVideo/DedicatedSystem/SharedSystem, Outputs:2, VendorId:0x10de
[2018.02.04-10.46.39:885][  0]LogD3D11RHI:    1. 'Microsoft Basic Render Driver' (Feature Level 11_0)
[2018.02.04-10.46.39:885][  0]LogD3D11RHI:       0/0/16342 MB DedicatedVideo/DedicatedSystem/SharedSystem, Outputs:0, VendorId:0x1414
[2018.02.04-10.46.39:885][  0]LogD3D11RHI: Chosen D3D11 Adapter: 0
[2018.02.04-10.46.39:889][  0]LogD3D11RHI: Creating new Direct3DDevice
[2018.02.04-10.46.39:890][  0]LogD3D11RHI:     GPU DeviceId: 0x17c8 (for the marketing name, search the web for "GPU Device Id")
[2018.02.04-10.46.39:890][  0]LogWindows: EnumDisplayDevices:
[2018.02.04-10.46.39:890][  0]LogWindows:    0. 'NVIDIA GeForce GTX 980 Ti' (P:1 D:1)
[2018.02.04-10.46.39:890][  0]LogWindows:    1. 'NVIDIA GeForce GTX 980 Ti' (P:0 D:1)
[2018.02.04-10.46.39:890][  0]LogWindows:    2. 'NVIDIA GeForce GTX 980 Ti' (P:0 D:0)
[2018.02.04-10.46.39:890][  0]LogWindows:    3. 'NVIDIA GeForce GTX 980 Ti' (P:0 D:0)
[2018.02.04-10.46.39:890][  0]LogWindows: DebugString: FoundDriverCount:4 
[2018.02.04-10.46.39:890][  0]LogD3D11RHI:     Adapter Name: NVIDIA GeForce GTX 980 Ti
[2018.02.04-10.46.39:890][  0]LogD3D11RHI:   Driver Version: 376.53 (internal:21.21.13.7653, unified:376.53)
[2018.02.04-10.46.39:890][  0]LogD3D11RHI:      Driver Date: 12-29-2016
[2018.02.04-10.46.39:890][  0]LogRHI: Texture pool is 1361 MB (70% of 1945 MB)
[2018.02.04-10.46.39:909][  0]LogD3D11RHI: Async texture creation enabled
[2018.02.04-10.46.39:920][  0]LogD3D11RHI: GPU Timing Frequency: 1000.000000 (Debug: 2 1)
[2018.02.04-10.46.40:005][  0]LogShaderCompilers: Guid format shader working directory is -20 characters bigger than the processId version (../../../../../../Users/s6088054/Documents/Unreal Projects/Journeyman/Intermediate/Shaders/WorkingDirectory/2288/).
[2018.02.04-10.46.40:005][  0]LogShaderCompilers: Cleaned the shader compiler working directory 'C:/Users/s6088054/AppData/Local/Temp/UnrealShaderWorkingDir/AE06A81041A42B721E00C4ADBF4D5805/'.
[2018.02.04-10.46.40:005][  0]LogShaderCompilers:Display: Using Local Shader Compiler.
[2018.02.04-10.46.41:327][  0]LogTemp:Display: Loaded TP AllDesktopTargetPlatform
[2018.02.04-10.46.41:448][  0]LogTemp:Display: Loaded TP MacClientTargetPlatform
[2018.02.04-10.46.41:569][  0]LogTemp:Display: Loaded TP MacNoEditorTargetPlatform
[2018.02.04-10.46.41:695][  0]LogTemp:Display: Loaded TP MacServerTargetPlatform
[2018.02.04-10.46.41:836][  0]LogTemp:Display: Loaded TP MacTargetPlatform
[2018.02.04-10.46.41:958][  0]LogTemp:Display: Loaded TP WindowsClientTargetPlatform
[2018.02.04-10.46.42:079][  0]LogTemp:Display: Loaded TP WindowsNoEditorTargetPlatform
[2018.02.04-10.46.42:200][  0]LogTemp:Display: Loaded TP WindowsServerTargetPlatform
[2018.02.04-10.46.42:318][  0]LogTemp:Display: Loaded TP WindowsTargetPlatform
[2018.02.04-10.46.42:440][  0]LogTemp:Display: Loaded TP AndroidTargetPlatform
[2018.02.04-10.46.42:564][  0]LogTemp:Display: Loaded TP Android_ASTCTargetPlatform
[2018.02.04-10.46.42:685][  0]LogTemp:Display: Loaded TP Android_ATCTargetPlatform
[2018.02.04-10.46.42:808][  0]LogTemp:Display: Loaded TP Android_DXTTargetPlatform
[2018.02.04-10.46.42:931][  0]LogTemp:Display: Loaded TP Android_ETC1TargetPlatform
[2018.02.04-10.46.43:052][  0]LogTemp:Display: Loaded TP Android_ETC2TargetPlatform
[2018.02.04-10.46.43:295][  0]LogTemp:Display: Loaded TP Android_MultiTargetPlatform
[2018.02.04-10.46.43:295][  0]LogTemp:Display: Loaded TP Android_PVRTCTargetPlatform
[2018.02.04-10.46.43:406][  0]LogTemp:Display: Loaded TP HTML5TargetPlatform
[2018.02.04-10.46.43:618][  0]LogTemp:Display: Loaded TP IOSTargetPlatform
[2018.02.04-10.46.43:716][  0]LogTemp:Display: Loaded TP TVOSTargetPlatform
[2018.02.04-10.46.43:872][  0]LogTemp:Display: Loaded TP LinuxClientTargetPlatform
[2018.02.04-10.46.44:032][  0]LogTemp:Display: Loaded TP LinuxNoEditorTargetPlatform
[2018.02.04-10.46.44:172][  0]LogTemp:Display: Loaded TP LinuxServerTargetPlatform
[2018.02.04-10.46.44:300][  0]LogTemp:Display: Loaded TP LinuxTargetPlatform
[2018.02.04-10.46.44:300][  0]LogTargetPlatformManager:Display: Building Assets For Windows
[2018.02.04-10.46.45:782][  0]LogDerivedDataCache:Display: Max Cache Size: 512 MB
[2018.02.04-10.46.45:863][  0]LogDerivedDataCache: Loaded boot cache 0.08s 90MB C:/Users/s6088054/AppData/Local/UnrealEngine/4.16/DerivedDataCache/Boot.ddc.
[2018.02.04-10.46.45:863][  0]LogDerivedDataCache:Display: Loaded Boot cache: C:/Users/s6088054/AppData/Local/UnrealEngine/4.16/DerivedDataCache/Boot.ddc
[2018.02.04-10.46.45:863][  0]LogDerivedDataCache: FDerivedDataBackendGraph:  Pak pak cache file ../../../../../../Users/s6088054/Documents/Unreal Projects/Journeyman/DerivedDataCache/DDC.ddp not found, will not use a pak cache.
[2018.02.04-10.46.45:863][  0]LogDerivedDataCache: Unable to find inner node Pak for hierarchical cache Hierarchy.
[2018.02.04-10.46.45:863][  0]LogDerivedDataCache: FDerivedDataBackendGraph:  CompressedPak pak cache file ../../../../../../Users/s6088054/Documents/Unreal Projects/Journeyman/DerivedDataCache/Compressed.ddp not found, will not use a pak cache.
[2018.02.04-10.46.45:863][  0]LogDerivedDataCache: Unable to find inner node CompressedPak for hierarchical cache Hierarchy.
[2018.02.04-10.46.45:880][  0]LogDerivedDataCache:Display: Pak cache opened for reading ../../../Engine/DerivedDataCache/Compressed.ddp.
[2018.02.04-10.46.45:893][  0]LogDerivedDataCache: Using Local data cache path C:/Users/s6088054/AppData/Local/UnrealEngine/Common/DerivedDataCache: Writable
[2018.02.04-10.46.45:902][  0]LogMaterial: Verifying Global Shaders for PCD3D_SM5
[2018.02.04-10.46.45:902][  0]LogSlate: Using Freetype 2.6.0
[2018.02.04-10.46.45:903][  0]LogSlate: SlateFontCache - WITH_FREETYPE: 1, WITH_HARFBUZZ: 1
[2018.02.04-10.46.45:903][  0]LogSlate: SlateFontCache - WITH_FREETYPE: 1, WITH_HARFBUZZ: 1
[2018.02.04-10.46.46:289][  0]LogInit: Selected Device Profile: [Windows]
[2018.02.04-10.46.46:356][  0]LogContentStreaming: Texture pool size is 0.00 MB
[2018.02.04-10.46.46:642][  0]LogMeshUtilities: Using QuadricMeshReduction for automatic static mesh reduction
[2018.02.04-10.46.46:768][  0]LogSimplygon: Simplygon DLL not present - disabling.
[2018.02.04-10.46.46:892][  0]LogMeshUtilities: Using SimplygonSwarm for distributed automatic mesh merging
[2018.02.04-10.46.46:892][  0]LogMeshUtilities: No automatic skeletal mesh reduction module available
[2018.02.04-10.46.46:892][  0]LogMeshUtilities: No automatic mesh merging module available
[2018.02.04-10.46.47:815][  0]LogNetVersion: Journeyman , NetCL: 3452394, EngineNetVer: 2, GameNetVer: 0 (Checksum: 3541979263)
[2018.02.04-10.46.47:925][  0]LogAssetRegistry: FAssetRegistry took 0.0262 seconds to start up
[2018.02.04-10.46.48:034][  0]LogPackageLocalizationCache: Processed 4 localized package path(s) for 2 prioritized culture(s) in 0.037509 seconds
[2018.02.04-10.46.48:040][  0]LogUObjectArray: 34194 objects as part of root set at end of initial load.
[2018.02.04-10.46.48:040][  0]LogUObjectAllocator: 7260424 out of 0 bytes used by permanent object pool.
[2018.02.04-10.46.48:040][  0]LogUObjectArray: CloseDisregardForGC: 0/0 objects in disregard for GC pool
[2018.02.04-10.46.48:255][  0]LogInit: WinSock: version 1.1 (2.2), MaxSocks=32767, MaxUdp=65467
[2018.02.04-10.46.53:169][  0]LogTcpMessaging: Initializing TcpMessaging bridge
[2018.02.04-10.46.53:261][  0]LogUdpMessaging: Initializing bridge on interface 0.0.0.0:0 to multicast group 230.0.0.1:6666.
[2018.02.04-10.46.54:492][  0]LogMaterial: Uniform references updated for custom material expression Custom.
[2018.02.04-10.46.55:422][  0]SourceControl: Info Source control is disabled
[2018.02.04-10.46.55:494][  0]SourceControl: Info Source control is disabled
[2018.02.04-10.46.55:620][  0]SourceControl: Info Source control is disabled
[2018.02.04-10.46.55:744][  0]SourceControl: Info Source control is disabled
[2018.02.04-10.46.57:560][  0]LogAndroidPermission: UAndroidPermissionCallbackProxy::GetInstance
[2018.02.04-10.46.59:027][  0]LogEngine: Initializing Engine...
[2018.02.04-10.46.59:029][  0]LogHMD: Failed to initialize OpenVR with code 110
[2018.02.04-10.46.59:217][  0]LogStats: UGameplayTagsManager::ConstructGameplayTagTree: Construct from data asset -  0.000 s
[2018.02.04-10.46.59:217][  0]LogStats: UGameplayTagsManager::ConstructGameplayTagTree: GameplayTagTreeChangedEvent.Broadcast -  0.000 s
[2018.02.04-10.46.59:573][  0]LogAIModule: Creating AISystem for world Untitled
[2018.02.04-10.46.59:584][  0]LogInit: XAudio2 using 'Speakers (Realtek High Definition Audio)' : 2 channels at 48 kHz using 32 bits per sample (channel mask 0x3)
[2018.02.04-10.46.59:605][  0]LogInit: FAudioDevice initialized.
[2018.02.04-10.46.59:647][  0]LogDerivedDataCache: Saved boot cache 0.04s 90MB C:/Users/s6088054/AppData/Local/UnrealEngine/4.16/DerivedDataCache/Boot.ddc.
[2018.02.04-10.46.59:660][  0]LogInit: Texture streaming: Enabled
[2018.02.04-10.46.59:972][  0]LogEngineSessionManager: EngineSessionManager initialized
[2018.02.04-10.47.00:591][  0]LogInit: Transaction tracking system initialized
[2018.02.04-10.47.01:512][  0]BlueprintLog: New page: Editor Load
[2018.02.04-10.47.04:208][  0]LocalizationService: Info Localization service is disabled
[2018.02.04-10.47.06:179][  0]LogConsoleResponse:Display: 
[2018.02.04-10.47.06:387][  0]LogCook:Display: Max memory allowance for cook 16384mb min free memory 0mb
[2018.02.04-10.47.06:387][  0]LogCook:Display: Mobile HDR setting 1
[2018.02.04-10.47.07:145][  0]LogFileCache: Scanning file cache for directory 'C:/Users/s6088054/Documents/Unreal Projects/Journeyman/Content/' took 0.02s
[2018.02.04-10.47.09:235][  0]SourceControl: Info Source control is disabled
[2018.02.04-10.47.09:235][  0]Cmd: MAP LOAD FILE="../../../../../../Users/s6088054/Documents/Unreal Projects/Journeyman/Content/FirstPersonBP/Maps/FirstPersonExampleMap.umap" TEMPLATE=0 SHOWPROGRESS=1 FEATURELEVEL=3
[2018.02.04-10.47.09:236][  0]LightingResults: New page: Lighting Build
[2018.02.04-10.47.09:356][  0]MapCheck: New page: Map Check
[2018.02.04-10.47.09:356][  0]LightingResults: New page: Lighting Build
[2018.02.04-10.47.09:877][  0]LogAIModule: Creating AISystem for world FirstPersonExampleMap
[2018.02.04-10.47.09:889][  0]LogEditorServer: Finished looking for orphan Actors (0.000 secs)
[2018.02.04-10.47.09:904][  0]Cmd: MAP CHECKDEP NOCLEARLOG
[2018.02.04-10.47.09:979][  0]MapCheck: Info Map check complete: 0 Error(s), 0 Warning(s), took 75.22ms to complete.
[2018.02.04-10.47.09:979][  0]LogFileHelpers: Loading map 'FirstPersonExampleMap' took 0.744
[2018.02.04-10.47.10:179][  0]LogCollectionManager: Loaded 0 collections in 0.001516 seconds
[2018.02.04-10.47.10:333][  0]LogFileCache: Scanning file cache for directory 'C:/Users/s6088054/Documents/Unreal Projects/Journeyman/Saved/Collections/' took 0.01s
[2018.02.04-10.47.10:333][  0]LogFileCache: Scanning file cache for directory 'C:/Users/s6088054/Documents/Unreal Projects/Journeyman/Content/Developers/s6088054/Collections/' took 0.01s
[2018.02.04-10.47.10:333][  0]LogFileCache: Scanning file cache for directory 'C:/Users/s6088054/Documents/Unreal Projects/Journeyman/Content/Collections/' took 0.01s
[2018.02.04-10.47.10:333][  0]LogCollectionManager: Rebuilt the GUID cache for 0 collections in 0.000001 seconds
[2018.02.04-10.47.10:341][  0]LogContentBrowser: Native class hierarchy populated in 0.0086 seconds. Added 2329 classes and 491 folders.
[2018.02.04-10.47.10:561][  0]LogContentBrowser: Native class hierarchy updated for 'WidgetCarousel' in 0.0007 seconds. Added 0 classes and 0 folders.
[2018.02.04-10.47.10:606][  0]LogContentBrowser: Native class hierarchy updated for 'AddContentDialog' in 0.0007 seconds. Added 0 classes and 0 folders.
[2018.02.04-10.47.10:730][  0]LogContentBrowser: Native class hierarchy updated for 'SceneOutliner' in 0.0007 seconds. Added 1 classes and 2 folders.
[2018.02.04-10.47.10:819][  0]LogCrashTracker: Crashtracker disabled due to settings.
[2018.02.04-10.47.10:824][  0]LogSlate: Took 0.000198 seconds to synchronously load lazily loaded font '../../../Engine/Content/Slate/Fonts/Roboto-Regular.ttf' (155K)
[2018.02.04-10.47.10:826][  0]LogSlate: Took 0.000186 seconds to synchronously load lazily loaded font '../../../Engine/Content/Slate/Fonts/Roboto-Bold.ttf' (160K)
[2018.02.04-10.47.10:831][  0]LogSlate: Took 0.000188 seconds to synchronously load lazily loaded font '../../../Engine/Content/Editor/Slate/Fonts/FontAwesome.ttf' (139K)
[2018.02.04-10.47.10:916][  0]LogRenderer: Reallocating scene render targets to support 1208x652 NumSamples 1 (Frame:1).
[2018.02.04-10.47.11:031][  0]LogUObjectGlobals:Warning: Failed to find object 'Class None.'
[2018.02.04-10.47.11:188][  0]LogContentBrowser: Native class hierarchy updated for 'HierarchicalLODOutliner' in 0.0007 seconds. Added 1 classes and 2 folders.
[2018.02.04-10.47.11:188][  0]LogLoad: (Engine Initialization) Total time: 35.07 seconds
[2018.02.04-10.47.11:188][  0]LogLoad: (Engine Initialization) Total Blueprint compile time: 0.22 seconds
[2018.02.04-10.47.11:188][  0]LogExternalProfiler: No external profilers were discovered.  External profiling features will not be available.
[2018.02.04-10.47.11:528][  0]LogOcInput: OculusInput pre-init called
[2018.02.04-10.47.11:528][  0]LogHMD: Starting GearVRController plugin
[2018.02.04-10.47.11:547][  0]LogContentStreaming: Texture pool size now 1000 MB
[2018.02.04-10.47.11:563][  0]LogSlate: Took 0.000207 seconds to synchronously load lazily loaded font '../../../Engine/Content/Slate/Fonts/Roboto-Light.ttf' (159K)
[2018.02.04-10.47.11:868][  1]LogAssetRegistry: Asset discovery search completed in 23.9656 seconds
[2018.02.04-10.47.11:870][  1]LogCollectionManager: Rebuilt the object cache for 0 collections in 0.000001 seconds (found 0 objects)
[2018.02.04-10.47.11:870][  1]LogCollectionManager: Fixed up redirectors for 0 collections in 0.000025 seconds (updated 0 objects)
[2018.02.04-10.47.20:012][278]LogSourceControl:Error: '../../../../../../Users/s6088054/Documents/Unreal Projects/Journeyman/' is not part of a Git repository
[2018.02.04-10.47.36:018][164]LogSourceControl:Error: '../../../../../../Users/s6088054/Documents/Unreal Projects/Journeyman/' is not part of a Git repository
[2018.02.04-10.48.08:631][978]SourceControl:Error: Error warning: LF will be replaced by CRLF in .gitignore.
[2018.02.04-10.48.08:631][978]SourceControl:Error: Error The file will have its original line endings in your working directory.
[2018.02.04-10.48.12:266][398]LogSourceControl: FGitCheckInWorker: commit successful
[2018.02.04-10.48.12:267][398]SourceControl: Info [master (root-commit) 2b515b6] Initial commit
[2018.02.04-10.48.12:267][398]SourceControl: Info  Committer: Mlogo <S6088054@live.tees.ac.uk>
[2018.02.04-10.48.12:267][398]SourceControl: Info Your name and email address were configured automatically based
[2018.02.04-10.48.12:267][398]SourceControl: Info on your username and hostname. Please check that they are accurate.
[2018.02.04-10.48.12:267][398]SourceControl: Info You can suppress this message by setting them explicitly:
[2018.02.04-10.48.12:267][398]SourceControl: Info     git config --global user.name "Your Name"
[2018.02.04-10.48.12:267][398]SourceControl: Info     git config --global user.email you@example.com
[2018.02.04-10.48.12:267][398]SourceControl: Info After doing this, you may fix the identity used for this commit with:
[2018.02.04-10.48.12:267][398]SourceControl: Info     git commit --amend --reset-author
[2018.02.04-10.48.12:267][398]SourceControl: Info  336 files changed, 138 insertions(+)
[2018.02.04-10.48.12:267][398]SourceControl: Info  create mode 100644 .gitignore
[2018.02.04-10.48.12:267][398]SourceControl: Info  create mode 100644 Config/DefaultEditor.ini
[2018.02.04-10.48.12:267][398]SourceControl: Info  create mode 100644 Config/DefaultEditorPerProjectUserSettings.ini
[2018.02.04-10.48.12:267][398]SourceControl: Info  create mode 100644 Config/DefaultEngine.ini
[2018.02.04-10.48.12:267][398]SourceControl: Info  create mode 100644 Config/DefaultGame.ini
[2018.02.04-10.48.12:267][398]SourceControl: Info  create mode 100644 Config/DefaultInput.ini
[2018.02.04-10.48.12:267][398]SourceControl: Info  create mode 100644 Content/BDL/genGun.uasset
[2018.02.04-10.48.12:267][398]SourceControl: Info  create mode 100644 Content/BDL/genGunSimple.uasset
[2018.02.04-10.48.12:267][398]SourceControl: Info  create mode 100644 Content/FirstPerson/Animations/FirstPersonFire_Montage.uasset
[2018.02.04-10.48.12:267][398]SourceControl: Info  create mode 100644 Content/FirstPerson/Animations/FirstPerson_AnimBP.uasset
[2018.02.04-10.48.12:267][398]SourceControl: Info  create mode 100644 Content/FirstPerson/Animations/FirstPerson_Fire.uasset
[2018.02.04-10.48.12:267][398]SourceControl: Info  create mode 100644 Content/FirstPerson/Animations/FirstPerson_Idle.uasset
[2018.02.04-10.48.12:267][398]SourceControl: Info  create mode 100644 Content/FirstPerson/Animations/FirstPerson_JumpEnd.uasset
[2018.02.04-10.48.12:267][398]SourceControl: Info  create mode 100644 Content/FirstPerson/Animations/FirstPerson_JumpLoop.uasset
[2018.02.04-10.48.12:267][398]SourceControl: Info  create mode 100644 Content/FirstPerson/Animations/FirstPerson_JumpStart.uasset
[2018.02.04-10.48.12:267][398]SourceControl: Info  create mode 100644 Content/FirstPerson/Animations/FirstPerson_Run.uasset
[2018.02.04-10.48.12:267][398]SourceControl: Info  create mode 100644 Content/FirstPerson/Audio/FirstPersonTemplateWeaponFire02.uasset
[2018.02.04-10.48.12:267][398]SourceControl: Info  create mode 100644 Content/FirstPerson/Character/Materials/M_UE4Man_Body.uasset
[2018.02.04-10.48.12:267][398]SourceControl: Info  create mode 100644 Content/FirstPerson/Character/Materials/MaterialLayers/ML_GlossyBlack_Latex_UE4.uasset
[2018.02.04-10.48.12:267][398]SourceControl: Info  create mode 100644 Content/FirstPerson/Character/Materials/MaterialLayers/ML_Plastic_Shiny_Beige.uasset
[2018.02.04-10.48.12:267][398]SourceControl: Info  create mode 100644 Content/FirstPerson/Character/Materials/MaterialLayers/ML_Plastic_Shiny_Beige_LOGO.uasset
[2018.02.04-10.48.12:267][398]SourceControl: Info  create mode 100644 Content/FirstPerson/Character/Materials/MaterialLayers/ML_SoftMetal_UE4.uasset
[2018.02.04-10.48.12:267][398]SourceControl: Info  create mode 100644 Content/FirstPerson/Character/Materials/MaterialLayers/T_ML_Aluminum01.uasset
[2018.02.04-10.48.12:267][398]SourceControl: Info  create mode 100644 Content/FirstPerson/Character/Materials/MaterialLayers/T_ML_Aluminum01_N.uasset
[2018.02.04-10.48.12:267][398]SourceControl: Info  create mode 100644 Content/FirstPerson/Character/Materials/MaterialLayers/T_ML_Rubber_Blue_01_D.uasset
[2018.02.04-10.48.12:267][398]SourceControl: Info  create mode 100644 Content/FirstPerson/Character/Materials/MaterialLayers/T_ML_Rubber_Blue_01_N.uasset
[2018.02.04-10.48.12:267][398]SourceControl: Info  create mode 100644 Content/FirstPerson/Character/Mesh/FirstPersonAnimBlueprint_Copy.uasset
[2018.02.04-10.48.12:267][398]SourceControl: Info  create mode 100644 Content/FirstPerson/Character/Mesh/SK_Mannequin_Arms.uasset
[2018.02.04-10.48.12:267][398]SourceControl: Info  create mode 100644 Content/FirstPerson/Character/Mesh/SK_Mannequin_Arms_PhysicsAsset.uasset
[2018.02.04-10.48.12:267][398]SourceControl: Info  create mode 100644 Content/FirstPerson/Character/Mesh/SK_Mannequin_Arms_Skeleton.uasset
[2018.02.04-10.48.12:268][398]SourceControl: Info  create mode 100644 Content/FirstPerson/Character/Textures/UE4_LOGO_CARD.uasset
[2018.02.04-10.48.12:268][398]SourceControl: Info  create mode 100644 Content/FirstPerson/Character/Textures/UE4_Mannequin_MAT_MASKA.uasset
[2018.02.04-10.48.12:268][398]SourceControl: Info  create mode 100644 Content/FirstPerson/Character/Textures/UE4_Mannequin__normals.uasset
[2018.02.04-10.48.12:268][398]SourceControl: Info  create mode 100644 Content/FirstPerson/FPWeapon/Materials/M_FPGun.uasset
[2018.02.04-10.48.12:268][398]SourceControl: Info  create mode 100644 Content/FirstPerson/FPWeapon/Materials/MaterialLayers/ML_GlossyBlack_Latex_UE4.uasset
[2018.02.04-10.48.12:268][398]SourceControl: Info  create mode 100644 Content/FirstPerson/FPWeapon/Materials/MaterialLayers/ML_Plastic_Shiny_Beige.uasset
[2018.02.04-10.48.12:268][398]SourceControl: Info  create mode 100644 Content/FirstPerson/FPWeapon/Materials/MaterialLayers/ML_Plastic_Shiny_Beige_LOGO.uasset
[2018.02.04-10.48.12:268][398]SourceControl: Info  create mode 100644 Content/FirstPerson/FPWeapon/Materials/MaterialLayers/ML_Screen.uasset
[2018.02.04-10.48.12:268][398]SourceControl: Info  create mode 100644 Content/FirstPerson/FPWeapon/Materials/MaterialLayers/ML_SoftMetal_UE4.uasset
[2018.02.04-10.48.12:268][398]SourceControl: Info  create mode 100644 Content/FirstPerson/FPWeapon/Materials/MaterialLayers/T_ML_Aluminum01.uasset
[2018.02.04-10.48.12:268][398]SourceControl: Info  create mode 100644 Content/FirstPerson/FPWeapon/Materials/MaterialLayers/T_ML_Aluminum01_N.uasset
[2018.02.04-10.48.12:268][398]SourceControl: Info  create mode 100644 Content/FirstPerson/FPWeapon/Materials/MaterialLayers/T_ML_FineRubber.uasset
[2018.02.04-10.48.12:268][398]SourceControl: Info  create mode 100644 Content/FirstPerson/FPWeapon/Materials/MaterialLayers/T_ML_Rubber_Blue_01_D.uasset
[2018.02.04-10.48.12:268][398]SourceControl: Info  create mode 100644 Content/FirstPerson/FPWeapon/Materials/MaterialLayers/T_ML_Rubber_Blue_01_N.uasset
[2018.02.04-10.48.12:268][398]SourceControl: Info  create mode 100644 Content/FirstPerson/FPWeapon/Mesh/SK_FPGun.uasset
[2018.02.04-10.48.12:268][398]SourceControl: Info  create mode 100644 Content/FirstPerson/FPWeapon/Mesh/SK_FPGun_PhysicsAsset.uasset
[2018.02.04-10.48.12:268][398]SourceControl: Info  create mode 100644 Content/FirstPerson/FPWeapon/Mesh/SK_FPGun_Skeleton.uasset
[2018.02.04-10.48.12:268][398]SourceControl: Info  create mode 100644 Content/FirstPerson/FPWeapon/Textures/T_FPGun_M.uasset
[2018.02.04-10.48.12:268][398]SourceControl: Info  create mode 100644 Content/FirstPerson/FPWeapon/Textures/T_FPGun_N.uasset
[2018.02.04-10.48.12:268][398]SourceControl: Info  create mode 100644 Content/FirstPerson/Meshes/BaseMaterial.uasset
[2018.02.04-10.48.12:268][398]SourceControl: Info  create mode 100644 Content/FirstPerson/Meshes/CubeMaterialOverride.uasset
[2018.02.04-10.48.12:268][398]SourceControl: Info  create mode 100644 Content/FirstPerson/Meshes/FirstPersonProjectileMaterial.uasset
[2018.02.04-10.48.12:268][398]SourceControl: Info  create mode 100644 Content/FirstPerson/Meshes/FirstPersonProjectileMesh.uasset
[2018.02.04-10.48.12:268][398]SourceControl: Info  create mode 100644 Content/FirstPerson/Textures/FirstPersonCrosshair.uasset
[2018.02.04-10.48.12:268][398]SourceControl: Info  create mode 100644 Content/FirstPersonBP/Blueprints/FirstPersonCharacter.uasset
[2018.02.04-10.48.12:268][398]SourceControl: Info  create mode 100644 Content/FirstPersonBP/Blueprints/FirstPersonGameMode.uasset
[2018.02.04-10.48.12:268][398]SourceControl: Info  create mode 100644 Content/FirstPersonBP/Blueprints/FirstPersonHUD.uasset
[2018.02.04-10.48.12:268][398]SourceControl: Info  create mode 100644 Content/FirstPersonBP/Blueprints/FirstPersonProjectile.uasset
[2018.02.04-10.48.12:268][398]SourceControl: Info  create mode 100644 Content/FirstPersonBP/FirstPersonOverview.uasset
[2018.02.04-10.48.12:268][398]SourceControl: Info  create mode 100644 Content/FirstPersonBP/Maps/FirstPersonExampleMap.umap
[2018.02.04-10.48.12:268][398]SourceControl: Info  create mode 100644 Content/FirstPersonBP/Maps/FirstPersonExampleMap_BuiltData.uasset
[2018.02.04-10.48.12:268][398]SourceControl: Info  create mode 100644 Content/Geometry/Meshes/1M_Cube.uasset
[2018.02.04-10.48.12:268][398]SourceControl: Info  create mode 100644 Content/Geometry/Meshes/1M_Cube_Chamfer.uasset
[2018.02.04-10.48.12:268][398]SourceControl: Info  create mode 100644 Content/Geometry/Meshes/CubeMaterial.uasset
[2018.02.04-10.48.12:268][398]SourceControl: Info  create mode 100644 Content/Geometry/Meshes/TemplateFloor.uasset
[2018.02.04-10.48.12:268][398]SourceControl: Info  create mode 100644 Content/StarterContent/Architecture/Floor_400x400.uasset
[2018.02.04-10.48.12:268][398]SourceControl: Info  create mode 100644 Content/StarterContent/Architecture/Pillar_50x500.uasset
[2018.02.04-10.48.12:268][398]SourceControl: Info  create mode 100644 Content/StarterContent/Architecture/SM_AssetPlatform.uasset
[2018.02.04-10.48.12:268][398]SourceControl: Info  create mode 100644 Content/StarterContent/Architecture/Wall_400x200.uasset
[2018.02.04-10.48.12:268][398]SourceControl: Info  create mode 100644 Content/StarterContent/Architecture/Wall_400x300.uasset
[2018.02.04-10.48.12:268][398]SourceControl: Info  create mode 100644 Content/StarterContent/Architecture/Wall_400x400.uasset
[2018.02.04-10.48.12:268][398]SourceControl: Info  create mode 100644 Content/StarterContent/Architecture/Wall_500x500.uasset
[2018.02.04-10.48.12:268][398]SourceControl: Info  create mode 100644 Content/StarterContent/Architecture/Wall_Door_400x300.uasset
[2018.02.04-10.48.12:268][398]SourceControl: Info  create mode 100644 Content/StarterContent/Architecture/Wall_Door_400x400.uasset
[2018.02.04-10.48.12:268][398]SourceControl: Info  create mode 100644 Content/StarterContent/Architecture/Wall_Window_400x300.uasset
[2018.02.04-10.48.12:268][398]SourceControl: Info  create mode 100644 Content/StarterContent/Architecture/Wall_Window_400x400.uasset
[2018.02.04-10.48.12:268][398]SourceControl: Info  create mode 100644 Content/StarterContent/Audio/Collapse01.uasset
[2018.02.04-10.48.12:268][398]SourceControl: Info  create mode 100644 Content/StarterContent/Audio/Collapse02.uasset
[2018.02.04-10.48.12:268][398]SourceControl: Info  create mode 100644 Content/StarterContent/Audio/Collapse_Cue.uasset
[2018.02.04-10.48.12:268][398]SourceControl: Info  create mode 100644 Content/StarterContent/Audio/Explosion01.uasset
[2018.02.04-10.48.12:268][398]SourceControl: Info  create mode 100644 Content/StarterContent/Audio/Explosion02.uasset
[2018.02.04-10.48.12:268][398]SourceControl: Info  create mode 100644 Content/StarterContent/Audio/Explosion_Cue.uasset
[2018.02.04-10.48.12:268][398]SourceControl: Info  create mode 100644 Content/StarterContent/Audio/Fire01.uasset
[2018.02.04-10.48.12:268][398]SourceControl: Info  create mode 100644 Content/StarterContent/Audio/Fire01_Cue.uasset
[2018.02.04-10.48.12:268][398]SourceControl: Info  create mode 100644 Content/StarterContent/Audio/Fire_Sparks01.uasset
[2018.02.04-10.48.12:268][398]SourceControl: Info  create mode 100644 Content/StarterContent/Audio/Fire_Sparks01_Cue.uasset
[2018.02.04-10.48.12:268][398]SourceControl: Info  create mode 100644 Content/StarterContent/Audio/Light01.uasset
[2018.02.04-10.48.12:268][398]SourceControl: Info  create mode 100644 Content/StarterContent/Audio/Light01_Cue.uasset
[2018.02.04-10.48.12:268][398]SourceControl: Info  create mode 100644 Content/StarterContent/Audio/Light02.uasset
[2018.02.04-10.48.12:268][398]SourceControl: Info  create mode 100644 Content/StarterContent/Audio/Light02_Cue.uasset
[2018.02.04-10.48.12:268][398]SourceControl: Info  create mode 100644 Content/StarterContent/Audio/Smoke01.uasset
[2018.02.04-10.48.12:268][398]SourceControl: Info  create mode 100644 Content/StarterContent/Audio/Smoke01_Cue.uasset
[2018.02.04-10.48.12:268][398]SourceControl: Info  create mode 100644 Content/StarterContent/Audio/Starter_Background_Cue.uasset
[2018.02.04-10.48.12:268][398]SourceControl: Info  create mode 100644 Content/StarterContent/Audio/Starter_Birds01.uasset
[2018.02.04-10.48.12:268][398]SourceControl: Info  create mode 100644 Content/StarterContent/Audio/Starter_Music01.uasset
[2018.02.04-10.48.12:268][398]SourceControl: Info  create mode 100644 Content/StarterContent/Audio/Starter_Music_Cue.uasset
[2018.02.04-10.48.12:268][398]SourceControl: Info  create mode 100644 Content/StarterContent/Audio/Starter_Wind05.uasset
[2018.02.04-10.48.12:268][398]SourceControl: Info  create mode 100644 Content/StarterContent/Audio/Starter_Wind06.uasset
[2018.02.04-10.48.12:268][398]SourceControl: Info  create mode 100644 Content/StarterContent/Audio/Steam01.uasset
[2018.02.04-10.48.12:268][398]SourceControl: Info  create mode 100644 Content/StarterContent/Audio/Steam01_Cue.uasset
[2018.02.04-10.48.12:268][398]SourceControl: Info  create mode 100644 Content/StarterContent/Blueprints/Assets/FogBrightnessLUT.uasset
[2018.02.04-10.48.12:268][398]SourceControl: Info  create mode 100644 Content/StarterContent/Blueprints/Assets/M_LightStage_Arrows.uasset
[2018.02.04-10.48.12:268][398]SourceControl: Info  create mode 100644 Content/StarterContent/Blueprints/Assets/M_LightStage_Skybox_Black.uasset
[2018.02.04-10.48.12:268][398]SourceControl: Info  create mode 100644 Content/StarterContent/Blueprints/Assets/M_LightStage_Skybox_HDRI.uasset
[2018.02.04-10.48.12:268][398]SourceControl: Info  create mode 100644 Content/StarterContent/Blueprints/Assets/M_LightStage_Skybox_Master.uasset
[2018.02.04-10.48.12:268][398]SourceControl: Info  create mode 100644 Content/StarterContent/Blueprints/Assets/SM_Arrows.uasset
[2018.02.04-10.48.12:268][398]SourceControl: Info  create mode 100644 Content/StarterContent/Blueprints/Assets/Skybox.uasset
[2018.02.04-10.48.12:268][398]SourceControl: Info  create mode 100644 Content/StarterContent/Blueprints/Assets/SunlightColorLUT.uasset
[2018.02.04-10.48.12:268][398]SourceControl: Info  create mode 100644 Content/StarterContent/Blueprints/BP_LightStudio.uasset
[2018.02.04-10.48.12:268][398]SourceControl: Info  create mode 100644 Content/StarterContent/Blueprints/Blueprint_CeilingLight.uasset
[2018.02.04-10.48.12:268][398]SourceControl: Info  create mode 100644 Content/StarterContent/Blueprints/Blueprint_Effect_Explosion.uasset
[2018.02.04-10.48.12:268][398]SourceControl: Info  create mode 100644 Content/StarterContent/Blueprints/Blueprint_Effect_Fire.uasset
[2018.02.04-10.48.12:268][398]SourceControl: Info  create mode 100644 Content/StarterContent/Blueprints/Blueprint_Effect_Smoke.uasset
[2018.02.04-10.48.12:268][398]SourceControl: Info  create mode 100644 Content/StarterContent/Blueprints/Blueprint_Effect_Sparks.uasset
[2018.02.04-10.48.12:268][398]SourceControl: Info  create mode 100644 Content/StarterContent/Blueprints/Blueprint_Effect_Steam.uasset
[2018.02.04-10.48.12:268][398]SourceControl: Info  create mode 100644 Content/StarterContent/Blueprints/Blueprint_WallSconce.uasset
[2018.02.04-10.48.12:268][398]SourceControl: Info  create mode 100644 Content/StarterContent/HDRI/HDRI_Epic_Courtyard_Daylight.uasset
[2018.02.04-10.48.12:268][398]SourceControl: Info  create mode 100644 Content/StarterContent/Maps/Advanced_Lighting.umap
[2018.02.04-10.48.12:268][398]SourceControl: Info  create mode 100644 Content/StarterContent/Maps/Advanced_Lighting_BuiltData.uasset
[2018.02.04-10.48.12:268][398]SourceControl: Info  create mode 100644 Content/StarterContent/Maps/Minimal_Default.umap
[2018.02.04-10.48.12:268][398]SourceControl: Info  create mode 100644 Content/StarterContent/Maps/Minimal_Default_BuiltData.uasset
[2018.02.04-10.48.12:268][398]SourceControl: Info  create mode 100644 Content/StarterContent/Maps/StarterMap.umap
[2018.02.04-10.48.12:268][398]SourceControl: Info  create mode 100644 Content/StarterContent/Maps/StarterMap_BuiltData.uasset
[2018.02.04-10.48.12:268][398]SourceControl: Info  create mode 100644 Content/StarterContent/Materials/M_AssetPlatform.uasset
[2018.02.04-10.48.12:268][398]SourceControl: Info  create mode 100644 Content/StarterContent/Materials/M_Basic_Floor.uasset
[2018.02.04-10.48.12:268][398]SourceControl: Info  create mode 100644 Content/StarterContent/Materials/M_Basic_Wall.uasset
[2018.02.04-10.48.12:268][398]SourceControl: Info  create mode 100644 Content/StarterContent/Materials/M_Brick_Clay_Beveled.uasset
[2018.02.04-10.48.12:268][398]SourceControl: Info  create mode 100644 Content/StarterContent/Materials/M_Brick_Clay_New.uasset
[2018.02.04-10.48.12:268][398]SourceControl: Info  create mode 100644 Content/StarterContent/Materials/M_Brick_Clay_Old.uasset
[2018.02.04-10.48.12:268][398]SourceControl: Info  create mode 100644 Content/StarterContent/Materials/M_Brick_Cut_Stone.uasset
[2018.02.04-10.48.12:268][398]SourceControl: Info  create mode 100644 Content/StarterContent/Materials/M_Brick_Hewn_Stone.uasset
[2018.02.04-10.48.12:268][398]SourceControl: Info  create mode 100644 Content/StarterContent/Materials/M_Ceramic_Tile_Checker.uasset
[2018.02.04-10.48.12:268][398]SourceControl: Info  create mode 100644 Content/StarterContent/Materials/M_CobbleStone_Pebble.uasset
[2018.02.04-10.48.12:268][398]SourceControl: Info  create mode 100644 Content/StarterContent/Materials/M_CobbleStone_Rough.uasset
[2018.02.04-10.48.12:269][398]SourceControl: Info  create mode 100644 Content/StarterContent/Materials/M_CobbleStone_Smooth.uasset
[2018.02.04-10.48.12:269][398]SourceControl: Info  create mode 100644 Content/StarterContent/Materials/M_ColorGrid_LowSpec.uasset
[2018.02.04-10.48.12:269][398]SourceControl: Info  create mode 100644 Content/StarterContent/Materials/M_Concrete_Grime.uasset
[2018.02.04-10.48.12:269][398]SourceControl: Info  create mode 100644 Content/StarterContent/Materials/M_Concrete_Panels.uasset
[2018.02.04-10.48.12:269][398]SourceControl: Info  create mode 100644 Content/StarterContent/Materials/M_Concrete_Poured.uasset
[2018.02.04-10.48.12:269][398]SourceControl: Info  create mode 100644 Content/StarterContent/Materials/M_Concrete_Tiles.uasset
[2018.02.04-10.48.12:269][398]SourceControl: Info  create mode 100644 Content/StarterContent/Materials/M_Glass.uasset
[2018.02.04-10.48.12:269][398]SourceControl: Info  create mode 100644 Content/StarterContent/Materials/M_Ground_Grass.uasset
[2018.02.04-10.48.12:269][398]SourceControl: Info  create mode 100644 Content/StarterContent/Materials/M_Ground_Gravel.uasset
[2018.02.04-10.48.12:269][398]SourceControl: Info  create mode 100644 Content/StarterContent/Materials/M_Ground_Moss.uasset
[2018.02.04-10.48.12:269][398]SourceControl: Info  create mode 100644 Content/StarterContent/Materials/M_Metal_Brushed_Nickel.uasset
[2018.02.04-10.48.12:269][398]SourceControl: Info  create mode 100644 Content/StarterContent/Materials/M_Metal_Burnished_Steel.uasset
[2018.02.04-10.48.12:269][398]SourceControl: Info  create mode 100644 Content/StarterContent/Materials/M_Metal_Chrome.uasset
[2018.02.04-10.48.12:269][398]SourceControl: Info  create mode 100644 Content/StarterContent/Materials/M_Metal_Copper.uasset
[2018.02.04-10.48.12:269][398]SourceControl: Info  create mode 100644 Content/StarterContent/Materials/M_Metal_Gold.uasset
[2018.02.04-10.48.12:269][398]SourceControl: Info  create mode 100644 Content/StarterContent/Materials/M_Metal_Rust.uasset
[2018.02.04-10.48.12:269][398]SourceControl: Info  create mode 100644 Content/StarterContent/Materials/M_Metal_Steel.uasset
[2018.02.04-10.48.12:269][398]SourceControl: Info  create mode 100644 Content/StarterContent/Materials/M_Rock_Basalt.uasset
[2018.02.04-10.48.12:269][398]SourceControl: Info  create mode 100644 Content/StarterContent/Materials/M_Rock_Marble_Polished.uasset
[2018.02.04-10.48.12:269][398]SourceControl: Info  create mode 100644 Content/StarterContent/Materials/M_Rock_Sandstone.uasset
[2018.02.04-10.48.12:269][398]SourceControl: Info  create mode 100644 Content/StarterContent/Materials/M_Rock_Slate.uasset
[2018.02.04-10.48.12:269][398]SourceControl: Info  create mode 100644 Content/StarterContent/Materials/M_Tech_Checker_Dot.uasset
[2018.02.04-10.48.12:269][398]SourceControl: Info  create mode 100644 Content/StarterContent/Materials/M_Tech_Hex_Tile.uasset
[2018.02.04-10.48.12:269][398]SourceControl: Info  create mode 100644 Content/StarterContent/Materials/M_Tech_Hex_Tile_Pulse.uasset
[2018.02.04-10.48.12:269][398]SourceControl: Info  create mode 100644 Content/StarterContent/Materials/M_Tech_Panel.uasset
[2018.02.04-10.48.12:269][398]SourceControl: Info  create mode 100644 Content/StarterContent/Materials/M_Water_Lake.uasset
[2018.02.04-10.48.12:269][398]SourceControl: Info  create mode 100644 Content/StarterContent/Materials/M_Water_Ocean.uasset
[2018.02.04-10.48.12:269][398]SourceControl: Info  create mode 100644 Content/StarterContent/Materials/M_Wood_Floor_Walnut_Polished.uasset
[2018.02.04-10.48.12:269][398]SourceControl: Info  create mode 100644 Content/StarterContent/Materials/M_Wood_Floor_Walnut_Worn.uasset
[2018.02.04-10.48.12:269][398]SourceControl: Info  create mode 100644 Content/StarterContent/Materials/M_Wood_Oak.uasset
[2018.02.04-10.48.12:269][398]SourceControl: Info  create mode 100644 Content/StarterContent/Materials/M_Wood_Pine.uasset
[2018.02.04-10.48.12:269][398]SourceControl: Info  create mode 100644 Content/StarterContent/Materials/M_Wood_Walnut.uasset
[2018.02.04-10.48.12:269][398]SourceControl: Info  create mode 100644 Content/StarterContent/Particles/Materials/M_Burst.uasset
[2018.02.04-10.48.12:269][398]SourceControl: Info  create mode 100644 Content/StarterContent/Particles/Materials/M_Dust_Particle.uasset
[2018.02.04-10.48.12:269][398]SourceControl: Info  create mode 100644 Content/StarterContent/Particles/Materials/M_Fire_SubUV.uasset
[2018.02.04-10.48.12:269][398]SourceControl: Info  create mode 100644 Content/StarterContent/Particles/Materials/M_Heat_Distortion.uasset
[2018.02.04-10.48.12:269][398]SourceControl: Info  create mode 100644 Content/StarterContent/Particles/Materials/M_Radial_Gradient.uasset
[2018.02.04-10.48.12:269][398]SourceControl: Info  create mode 100644 Content/StarterContent/Particles/Materials/M_Spark.uasset
[2018.02.04-10.48.12:269][398]SourceControl: Info  create mode 100644 Content/StarterContent/Particles/Materials/M_explosion_subUV.uasset
[2018.02.04-10.48.12:269][398]SourceControl: Info  create mode 100644 Content/StarterContent/Particles/Materials/M_radial_ramp.uasset
[2018.02.04-10.48.12:269][398]SourceControl: Info  create mode 100644 Content/StarterContent/Particles/Materials/M_smoke_subUV.uasset
[2018.02.04-10.48.12:269][398]SourceControl: Info  create mode 100644 Content/StarterContent/Particles/Materials/m_flare_01.uasset
[2018.02.04-10.48.12:269][398]SourceControl: Info  create mode 100644 Content/StarterContent/Particles/P_Ambient_Dust.uasset
[2018.02.04-10.48.12:269][398]SourceControl: Info  create mode 100644 Content/StarterContent/Particles/P_Explosion.uasset
[2018.02.04-10.48.12:269][398]SourceControl: Info  create mode 100644 Content/StarterContent/Particles/P_Fire.uasset
[2018.02.04-10.48.12:269][398]SourceControl: Info  create mode 100644 Content/StarterContent/Particles/P_Smoke.uasset
[2018.02.04-10.48.12:269][398]SourceControl: Info  create mode 100644 Content/StarterContent/Particles/P_Sparks.uasset
[2018.02.04-10.48.12:269][398]SourceControl: Info  create mode 100644 Content/StarterContent/Particles/P_Steam_Lit.uasset
[2018.02.04-10.48.12:269][398]SourceControl: Info  create mode 100644 Content/StarterContent/Props/MaterialSphere.uasset
[2018.02.04-10.48.12:269][398]SourceControl: Info  create mode 100644 Content/StarterContent/Props/Materials/M_Bush.uasset
[2018.02.04-10.48.12:269][398]SourceControl: Info  create mode 100644 Content/StarterContent/Props/Materials/M_Chair.uasset
[2018.02.04-10.48.12:269][398]SourceControl: Info  create mode 100644 Content/StarterContent/Props/Materials/M_Door.uasset
[2018.02.04-10.48.12:269][398]SourceControl: Info  create mode 100644 Content/StarterContent/Props/Materials/M_Frame.uasset
[2018.02.04-10.48.12:269][398]SourceControl: Info  create mode 100644 Content/StarterContent/Props/Materials/M_Lamp.uasset
[2018.02.04-10.48.12:269][398]SourceControl: Info  create mode 100644 Content/StarterContent/Props/Materials/M_MaterialSphere.uasset
[2018.02.04-10.48.12:269][398]SourceControl: Info  create mode 100644 Content/StarterContent/Props/Materials/M_MaterialSphere_Plain.uasset
[2018.02.04-10.48.12:269][398]SourceControl: Info  create mode 100644 Content/StarterContent/Props/Materials/M_Rock.uasset
[2018.02.04-10.48.12:269][398]SourceControl: Info  create mode 100644 Content/StarterContent/Props/Materials/M_Shelf.uasset
[2018.02.04-10.48.12:269][398]SourceControl: Info  create mode 100644 Content/StarterContent/Props/Materials/M_Statue.uasset
[2018.02.04-10.48.12:269][398]SourceControl: Info  create mode 100644 Content/StarterContent/Props/Materials/M_StatueGlass.uasset
[2018.02.04-10.48.12:269][398]SourceControl: Info  create mode 100644 Content/StarterContent/Props/Materials/M_TableRound.uasset
[2018.02.04-10.48.12:269][398]SourceControl: Info  create mode 100644 Content/StarterContent/Props/SM_Bush.uasset
[2018.02.04-10.48.12:269][398]SourceControl: Info  create mode 100644 Content/StarterContent/Props/SM_Chair.uasset
[2018.02.04-10.48.12:269][398]SourceControl: Info  create mode 100644 Content/StarterContent/Props/SM_CornerFrame.uasset
[2018.02.04-10.48.12:269][398]SourceControl: Info  create mode 100644 Content/StarterContent/Props/SM_Couch.uasset
[2018.02.04-10.48.12:269][398]SourceControl: Info  create mode 100644 Content/StarterContent/Props/SM_Door.uasset
[2018.02.04-10.48.12:269][398]SourceControl: Info  create mode 100644 Content/StarterContent/Props/SM_DoorFrame.uasset
[2018.02.04-10.48.12:269][398]SourceControl: Info  create mode 100644 Content/StarterContent/Props/SM_GlassWindow.uasset
[2018.02.04-10.48.12:269][398]SourceControl: Info  create mode 100644 Content/StarterContent/Props/SM_Lamp_Ceiling.uasset
[2018.02.04-10.48.12:269][398]SourceControl: Info  create mode 100644 Content/StarterContent/Props/SM_Lamp_Wall.uasset
[2018.02.04-10.48.12:269][398]SourceControl: Info  create mode 100644 Content/StarterContent/Props/SM_MatPreviewMesh_02.uasset
[2018.02.04-10.48.12:269][398]SourceControl: Info  create mode 100644 Content/StarterContent/Props/SM_PillarFrame.uasset
[2018.02.04-10.48.12:269][398]SourceControl: Info  create mode 100644 Content/StarterContent/Props/SM_PillarFrame300.uasset
[2018.02.04-10.48.12:269][398]SourceControl: Info  create mode 100644 Content/StarterContent/Props/SM_Rock.uasset
[2018.02.04-10.48.12:269][398]SourceControl: Info  create mode 100644 Content/StarterContent/Props/SM_Shelf.uasset
[2018.02.04-10.48.12:269][398]SourceControl: Info  create mode 100644 Content/StarterContent/Props/SM_Stairs.uasset
[2018.02.04-10.48.12:269][398]SourceControl: Info  create mode 100644 Content/StarterContent/Props/SM_Statue.uasset
[2018.02.04-10.48.12:269][398]SourceControl: Info  create mode 100644 Content/StarterContent/Props/SM_TableRound.uasset
[2018.02.04-10.48.12:269][398]SourceControl: Info  create mode 100644 Content/StarterContent/Props/SM_WindowFrame.uasset
[2018.02.04-10.48.12:269][398]SourceControl: Info  create mode 100644 Content/StarterContent/Shapes/Shape_Cone.uasset
[2018.02.04-10.48.12:269][398]SourceControl: Info  create mode 100644 Content/StarterContent/Shapes/Shape_Cube.uasset
[2018.02.04-10.48.12:269][398]SourceControl: Info  create mode 100644 Content/StarterContent/Shapes/Shape_Cylinder.uasset
[2018.02.04-10.48.12:269][398]SourceControl: Info  create mode 100644 Content/StarterContent/Shapes/Shape_NarrowCapsule.uasset
[2018.02.04-10.48.12:269][398]SourceControl: Info  create mode 100644 Content/StarterContent/Shapes/Shape_Pipe.uasset
[2018.02.04-10.48.12:269][398]SourceControl: Info  create mode 100644 Content/StarterContent/Shapes/Shape_Pipe_180.uasset
[2018.02.04-10.48.12:269][398]SourceControl: Info  create mode 100644 Content/StarterContent/Shapes/Shape_Pipe_90.uasset
[2018.02.04-10.48.12:269][398]SourceControl: Info  create mode 100644 Content/StarterContent/Shapes/Shape_Plane.uasset
[2018.02.04-10.48.12:269][398]SourceControl: Info  create mode 100644 Content/StarterContent/Shapes/Shape_QuadPyramid.uasset
[2018.02.04-10.48.12:269][398]SourceControl: Info  create mode 100644 Content/StarterContent/Shapes/Shape_Sphere.uasset
[2018.02.04-10.48.12:269][398]SourceControl: Info  create mode 100644 Content/StarterContent/Shapes/Shape_Torus.uasset
[2018.02.04-10.48.12:269][398]SourceControl: Info  create mode 100644 Content/StarterContent/Shapes/Shape_TriPyramid.uasset
[2018.02.04-10.48.12:269][398]SourceControl: Info  create mode 100644 Content/StarterContent/Shapes/Shape_Trim.uasset
[2018.02.04-10.48.12:269][398]SourceControl: Info  create mode 100644 Content/StarterContent/Shapes/Shape_Trim_90_In.uasset
[2018.02.04-10.48.12:269][398]SourceControl: Info  create mode 100644 Content/StarterContent/Shapes/Shape_Trim_90_Out.uasset
[2018.02.04-10.48.12:269][398]SourceControl: Info  create mode 100644 Content/StarterContent/Shapes/Shape_Tube.uasset
[2018.02.04-10.48.12:269][398]SourceControl: Info  create mode 100644 Content/StarterContent/Shapes/Shape_Wedge_A.uasset
[2018.02.04-10.48.12:269][398]SourceControl: Info  create mode 100644 Content/StarterContent/Shapes/Shape_Wedge_B.uasset
[2018.02.04-10.48.12:269][398]SourceControl: Info  create mode 100644 Content/StarterContent/Shapes/Shape_WideCapsule.uasset
[2018.02.04-10.48.12:269][398]SourceControl: Info  create mode 100644 Content/StarterContent/Textures/T_Brick_Clay_Beveled_D.uasset
[2018.02.04-10.48.12:269][398]SourceControl: Info  create mode 100644 Content/StarterContent/Textures/T_Brick_Clay_Beveled_M.uasset
[2018.02.04-10.48.12:269][398]SourceControl: Info  create mode 100644 Content/StarterContent/Textures/T_Brick_Clay_Beveled_N.uasset
[2018.02.04-10.48.12:269][398]SourceControl: Info  create mode 100644 Content/StarterContent/Textures/T_Brick_Clay_New_D.uasset
[2018.02.04-10.48.12:269][398]SourceControl: Info  create mode 100644 Content/StarterContent/Textures/T_Brick_Clay_New_M.uasset
[2018.02.04-10.48.12:269][398]SourceControl: Info  create mode 100644 Content/StarterContent/Textures/T_Brick_Clay_New_N.uasset
[2018.02.04-10.48.12:269][398]SourceControl: Info  create mode 100644 Content/StarterContent/Textures/T_Brick_Clay_Old_D.uasset
[2018.02.04-10.48.12:269][398]SourceControl: Info  create mode 100644 Content/StarterContent/Textures/T_Brick_Clay_Old_N.uasset
[2018.02.04-10.48.12:269][398]SourceControl: Info  create mode 100644 Content/StarterContent/Textures/T_Brick_Cut_Stone_D.uasset
[2018.02.04-10.48.12:269][398]SourceControl: Info  create mode 100644 Content/StarterContent/Textures/T_Brick_Cut_Stone_N.uasset
[2018.02.04-10.48.12:269][398]SourceControl: Info  create mode 100644 Content/StarterContent/Textures/T_Brick_Hewn_Stone_D.uasset
[2018.02.04-10.48.12:269][398]SourceControl: Info  create mode 100644 Content/StarterContent/Textures/T_Brick_Hewn_Stone_M.uasset
[2018.02.04-10.48.12:269][398]SourceControl: Info  create mode 100644 Content/StarterContent/Textures/T_Brick_Hewn_Stone_N.uasset
[2018.02.04-10.48.12:269][398]SourceControl: Info  create mode 100644 Content/StarterContent/Textures/T_Burst_M.uasset
[2018.02.04-10.48.12:269][398]SourceControl: Info  create mode 100644 Content/StarterContent/Textures/T_Bush_D.uasset
[2018.02.04-10.48.12:269][398]SourceControl: Info  create mode 100644 Content/StarterContent/Textures/T_Bush_N.uasset
[2018.02.04-10.48.12:269][398]SourceControl: Info  create mode 100644 Content/StarterContent/Textures/T_Ceramic_Tile_M.uasset
[2018.02.04-10.48.12:269][398]SourceControl: Info  create mode 100644 Content/StarterContent/Textures/T_Ceramic_Tile_N.uasset
[2018.02.04-10.48.12:269][398]SourceControl: Info  create mode 100644 Content/StarterContent/Textures/T_Chair_M.uasset
[2018.02.04-10.48.12:269][398]SourceControl: Info  create mode 100644 Content/StarterContent/Textures/T_Chair_N.uasset
[2018.02.04-10.48.12:269][398]SourceControl: Info  create mode 100644 Content/StarterContent/Textures/T_Checker_Noise_M.uasset
[2018.02.04-10.48.12:269][398]SourceControl: Info  create mode 100644 Content/StarterContent/Textures/T_CobbleStone_Pebble_D.uasset
[2018.02.04-10.48.12:269][398]SourceControl: Info  create mode 100644 Content/StarterContent/Textures/T_CobbleStone_Pebble_M.uasset
[2018.02.04-10.48.12:269][398]SourceControl: Info  create mode 100644 Content/StarterContent/Textures/T_CobbleStone_Pebble_N.uasset
[2018.02.04-10.48.12:269][398]SourceControl: Info  create mode 100644 Content/StarterContent/Textures/T_CobbleStone_Rough_D.uasset
[2018.02.04-10.48.12:269][398]SourceControl: Info  create mode 100644 Content/StarterContent/Textures/T_CobbleStone_Rough_N.uasset
[2018.02.04-10.48.12:270][398]SourceControl: Info  create mode 100644 Content/StarterContent/Textures/T_CobbleStone_Smooth_D.uasset
[2018.02.04-10.48.12:270][398]SourceControl: Info  create mode 100644 Content/StarterContent/Textures/T_CobbleStone_Smooth_M.uasset
[2018.02.04-10.48.12:270][398]SourceControl: Info  create mode 100644 Content/StarterContent/Textures/T_CobbleStone_Smooth_N.uasset
[2018.02.04-10.48.12:270][398]SourceControl: Info  create mode 100644 Content/StarterContent/Textures/T_Concrete_Grime_D.uasset
[2018.02.04-10.48.12:270][398]SourceControl: Info  create mode 100644 Content/StarterContent/Textures/T_Concrete_Panels_D.uasset
[2018.02.04-10.48.12:270][398]SourceControl: Info  create mode 100644 Content/StarterContent/Textures/T_Concrete_Panels_N.uasset
[2018.02.04-10.48.12:270][398]SourceControl: Info  create mode 100644 Content/StarterContent/Textures/T_Concrete_Poured_D.uasset
[2018.02.04-10.48.12:270][398]SourceControl: Info  create mode 100644 Content/StarterContent/Textures/T_Concrete_Poured_N.uasset
[2018.02.04-10.48.12:270][398]SourceControl: Info  create mode 100644 Content/StarterContent/Textures/T_Concrete_Tiles_D.uasset
[2018.02.04-10.48.12:270][398]SourceControl: Info  create mode 100644 Content/StarterContent/Textures/T_Concrete_Tiles_M.uasset
[2018.02.04-10.48.12:270][398]SourceControl: Info  create mode 100644 Content/StarterContent/Textures/T_Concrete_Tiles_N.uasset
[2018.02.04-10.48.12:270][398]SourceControl: Info  create mode 100644 Content/StarterContent/Textures/T_Concrete_Tiles_Variation_M.uasset
[2018.02.04-10.48.12:270][398]SourceControl: Info  create mode 100644 Content/StarterContent/Textures/T_Detail_Rocky_N.uasset
[2018.02.04-10.48.12:270][398]SourceControl: Info  create mode 100644 Content/StarterContent/Textures/T_Door_M.uasset
[2018.02.04-10.48.12:270][398]SourceControl: Info  create mode 100644 Content/StarterContent/Textures/T_Door_N.uasset
[2018.02.04-10.48.12:270][398]SourceControl: Info  create mode 100644 Content/StarterContent/Textures/T_Dust_Particle_D.uasset
[2018.02.04-10.48.12:270][398]SourceControl: Info  create mode 100644 Content/StarterContent/Textures/T_Explosion_SubUV.uasset
[2018.02.04-10.48.12:270][398]SourceControl: Info  create mode 100644 Content/StarterContent/Textures/T_Fire_SubUV.uasset
[2018.02.04-10.48.12:270][398]SourceControl: Info  create mode 100644 Content/StarterContent/Textures/T_Fire_Tiled_D.uasset
[2018.02.04-10.48.12:270][398]SourceControl: Info  create mode 100644 Content/StarterContent/Textures/T_Frame_M.uasset
[2018.02.04-10.48.12:270][398]SourceControl: Info  create mode 100644 Content/StarterContent/Textures/T_Frame_N.uasset
[2018.02.04-10.48.12:270][398]SourceControl: Info  create mode 100644 Content/StarterContent/Textures/T_Gradinet_01.uasset
[2018.02.04-10.48.12:270][398]SourceControl: Info  create mode 100644 Content/StarterContent/Textures/T_Ground_Grass_D.uasset
[2018.02.04-10.48.12:270][398]SourceControl: Info  create mode 100644 Content/StarterContent/Textures/T_Ground_Grass_N.uasset
[2018.02.04-10.48.12:270][398]SourceControl: Info  create mode 100644 Content/StarterContent/Textures/T_Ground_Gravel_D.uasset
[2018.02.04-10.48.12:270][398]SourceControl: Info  create mode 100644 Content/StarterContent/Textures/T_Ground_Gravel_N.uasset
[2018.02.04-10.48.12:270][398]SourceControl: Info  create mode 100644 Content/StarterContent/Textures/T_Ground_Moss_N.uasset
[2018.02.04-10.48.12:270][398]SourceControl: Info  create mode 100644 Content/StarterContent/Textures/T_Lamp_M.uasset
[2018.02.04-10.48.12:270][398]SourceControl: Info  create mode 100644 Content/StarterContent/Textures/T_Lamp_N.uasset
[2018.02.04-10.48.12:270][398]SourceControl: Info  create mode 100644 Content/StarterContent/Textures/T_MacroVariation.uasset
[2018.02.04-10.48.12:270][398]SourceControl: Info  create mode 100644 Content/StarterContent/Textures/T_Metal_Aluminum_D.uasset
[2018.02.04-10.48.12:270][398]SourceControl: Info  create mode 100644 Content/StarterContent/Textures/T_Metal_Copper_D.uasset
[2018.02.04-10.48.12:270][398]SourceControl: Info  create mode 100644 Content/StarterContent/Textures/T_Metal_Gold_D.uasset
[2018.02.04-10.48.12:270][398]SourceControl: Info  create mode 100644 Content/StarterContent/Textures/T_Metal_Gold_N.uasset
[2018.02.04-10.48.12:270][398]SourceControl: Info  create mode 100644 Content/StarterContent/Textures/T_Metal_Rust_D.uasset
[2018.02.04-10.48.12:270][398]SourceControl: Info  create mode 100644 Content/StarterContent/Textures/T_Metal_Rust_N.uasset
[2018.02.04-10.48.12:270][398]SourceControl: Info  create mode 100644 Content/StarterContent/Textures/T_Metal_Steel_D.uasset
[2018.02.04-10.48.12:270][398]SourceControl: Info  create mode 100644 Content/StarterContent/Textures/T_Metal_Steel_N.uasset
[2018.02.04-10.48.12:270][398]SourceControl: Info  create mode 100644 Content/StarterContent/Textures/T_Perlin_Noise_M.uasset
[2018.02.04-10.48.12:270][398]SourceControl: Info  create mode 100644 Content/StarterContent/Textures/T_RockMesh_M.uasset
[2018.02.04-10.48.12:270][398]SourceControl: Info  create mode 100644 Content/StarterContent/Textures/T_RockMesh_N.uasset
[2018.02.04-10.48.12:270][398]SourceControl: Info  create mode 100644 Content/StarterContent/Textures/T_Rock_Basalt_D.uasset
[2018.02.04-10.48.12:270][398]SourceControl: Info  create mode 100644 Content/StarterContent/Textures/T_Rock_Basalt_N.uasset
[2018.02.04-10.48.12:270][398]SourceControl: Info  create mode 100644 Content/StarterContent/Textures/T_Rock_Marble_Polished_D.uasset
[2018.02.04-10.48.12:270][398]SourceControl: Info  create mode 100644 Content/StarterContent/Textures/T_Rock_Sandstone_D.uasset
[2018.02.04-10.48.12:270][398]SourceControl: Info  create mode 100644 Content/StarterContent/Textures/T_Rock_Sandstone_N.uasset
[2018.02.04-10.48.12:270][398]SourceControl: Info  create mode 100644 Content/StarterContent/Textures/T_Rock_Slate_D.uasset
[2018.02.04-10.48.12:270][398]SourceControl: Info  create mode 100644 Content/StarterContent/Textures/T_Rock_Slate_N.uasset
[2018.02.04-10.48.12:270][398]SourceControl: Info  create mode 100644 Content/StarterContent/Textures/T_Rock_Smooth_Granite_D.uasset
[2018.02.04-10.48.12:270][398]SourceControl: Info  create mode 100644 Content/StarterContent/Textures/T_Shelf_M.uasset
[2018.02.04-10.48.12:270][398]SourceControl: Info  create mode 100644 Content/StarterContent/Textures/T_Shelf_N.uasset
[2018.02.04-10.48.12:270][398]SourceControl: Info  create mode 100644 Content/StarterContent/Textures/T_Single_Tile_N.uasset
[2018.02.04-10.48.12:270][398]SourceControl: Info  create mode 100644 Content/StarterContent/Textures/T_Smoke_SubUV.uasset
[2018.02.04-10.48.12:270][398]SourceControl: Info  create mode 100644 Content/StarterContent/Textures/T_Smoke_Tiled_D.uasset
[2018.02.04-10.48.12:270][398]SourceControl: Info  create mode 100644 Content/StarterContent/Textures/T_Spark_Core.uasset
[2018.02.04-10.48.12:270][398]SourceControl: Info  create mode 100644 Content/StarterContent/Textures/T_Statue_M.uasset
[2018.02.04-10.48.12:270][398]SourceControl: Info  create mode 100644 Content/StarterContent/Textures/T_Statue_N.uasset
[2018.02.04-10.48.12:270][398]SourceControl: Info  create mode 100644 Content/StarterContent/Textures/T_TableRound_M.uasset
[2018.02.04-10.48.12:270][398]SourceControl: Info  create mode 100644 Content/StarterContent/Textures/T_TableRound_N.uasset
[2018.02.04-10.48.12:270][398]SourceControl: Info  create mode 100644 Content/StarterContent/Textures/T_Tech_Dot_M.uasset
[2018.02.04-10.48.12:270][398]SourceControl: Info  create mode 100644 Content/StarterContent/Textures/T_Tech_Dot_N.uasset
[2018.02.04-10.48.12:270][398]SourceControl: Info  create mode 100644 Content/StarterContent/Textures/T_Tech_Hex_Tile_M.uasset
[2018.02.04-10.48.12:270][398]SourceControl: Info  create mode 100644 Content/StarterContent/Textures/T_Tech_Hex_Tile_N.uasset
[2018.02.04-10.48.12:270][398]SourceControl: Info  create mode 100644 Content/StarterContent/Textures/T_Tech_Panel_M.uasset
[2018.02.04-10.48.12:270][398]SourceControl: Info  create mode 100644 Content/StarterContent/Textures/T_Tech_Panel_N.uasset
[2018.02.04-10.48.12:270][398]SourceControl: Info  create mode 100644 Content/StarterContent/Textures/T_Water_M.uasset
[2018.02.04-10.48.12:270][398]SourceControl: Info  create mode 100644 Content/StarterContent/Textures/T_Water_N.uasset
[2018.02.04-10.48.12:270][398]SourceControl: Info  create mode 100644 Content/StarterContent/Textures/T_Wood_Floor_Walnut_D.uasset
[2018.02.04-10.48.12:270][398]SourceControl: Info  create mode 100644 Content/StarterContent/Textures/T_Wood_Floor_Walnut_M.uasset
[2018.02.04-10.48.12:270][398]SourceControl: Info  create mode 100644 Content/StarterContent/Textures/T_Wood_Floor_Walnut_N.uasset
[2018.02.04-10.48.12:270][398]SourceControl: Info  create mode 100644 Content/StarterContent/Textures/T_Wood_Oak_D.uasset
[2018.02.04-10.48.12:270][398]SourceControl: Info  create mode 100644 Content/StarterContent/Textures/T_Wood_Oak_N.uasset
[2018.02.04-10.48.12:270][398]SourceControl: Info  create mode 100644 Content/StarterContent/Textures/T_Wood_Pine_D.uasset
[2018.02.04-10.48.12:270][398]SourceControl: Info  create mode 100644 Content/StarterContent/Textures/T_Wood_Pine_N.uasset
[2018.02.04-10.48.12:270][398]SourceControl: Info  create mode 100644 Content/StarterContent/Textures/T_Wood_Walnut_D.uasset
[2018.02.04-10.48.12:270][398]SourceControl: Info  create mode 100644 Content/StarterContent/Textures/T_Wood_Walnut_N.uasset
[2018.02.04-10.48.12:270][398]SourceControl: Info  create mode 100644 Content/StarterContent/Textures/T_ground_Moss_D.uasset
[2018.02.04-10.48.12:270][398]SourceControl: Info  create mode 100644 Journeyman.uproject
[2018.02.04-10.48.23:303][715]SourceControl: Info On branch master
[2018.02.04-10.48.23:303][715]SourceControl: Info nothing to commit, working tree clean
[2018.02.04-10.48.45:383][684]SourceControl: Info fatal: C:/Program Files/Epic Games/UE_4.16/Engine/Content/: 'C:/Program Files/Epic Games/UE_4.16/Engine/Content/' is outside repository
[2018.02.04-10.48.45:484][684]EditorErrors:Warning: Warning No assets to check in!
[2018.02.04-10.49.15:233][533]SourceControl: Info On branch master
[2018.02.04-10.49.15:233][533]SourceControl: Info nothing to commit, working tree clean
[2018.02.04-10.49.47:699][949]LogWindowsTextInputMethodSystem:Display: IME system now deactivated.
[2018.02.04-10.49.47:862][950]Cmd: QUIT_EDITOR
[2018.02.04-10.49.47:905][950]LogExit: Preparing to exit.
[2018.02.04-10.49.48:457][950]LogDirectoryWatcher: A directory notification for 'C:/Users/s6088054/Documents/Unreal Projects/Journeyman/Content/' was aborted.
[2018.02.04-10.49.48:489][950]LogExit: Editor shut down
[2018.02.04-10.49.48:492][950]LogExit: Transaction tracking system shut down
[2018.02.04-10.49.48:550][950]LogObj: Freed 0b from 0 cluster array pools.
[2018.02.04-10.49.48:550][950]LogExit: Object subsystem successfully closed.
[2018.02.04-10.49.48:569][950]LogD3D11RHI: Shutdown
[2018.02.04-10.49.48:569][950]LogD3D11RHI: CleanupD3DDevice
[2018.02.04-10.49.48:654][950]LogD3D11RHI: ~FD3D11DynamicRHI
[2018.02.04-10.49.48:671][950]LogModuleManager: Shutting down and abandoning module HierarchicalLODOutliner (524)
[2018.02.04-10.49.48:671][950]LogModuleManager: Shutting down and abandoning module CrashTracker (522)
[2018.02.04-10.49.48:671][950]LogModuleManager: Shutting down and abandoning module SceneOutliner (520)
[2018.02.04-10.49.48:671][950]LogModuleManager: Shutting down and abandoning module AddContentDialog (518)
[2018.02.04-10.49.48:671][950]LogDirectoryWatcher: A directory notification for 'C:/Program Files/Epic Games/UE_4.16/FeaturePacks/' was aborted.
[2018.02.04-10.49.48:672][950]LogModuleManager: Shutting down and abandoning module WidgetCarousel (517)
[2018.02.04-10.49.48:672][950]LogModuleManager: Shutting down and abandoning module EditorWidgets (514)
[2018.02.04-10.49.48:672][950]LogModuleManager: Shutting down and abandoning module CollectionManager (512)
[2018.02.04-10.49.48:672][950]LogDirectoryWatcher: A directory notification for 'C:/Users/s6088054/Documents/Unreal Projects/Journeyman/Content/Collections/' was aborted.
[2018.02.04-10.49.48:672][950]LogDirectoryWatcher: A directory notification for 'C:/Users/s6088054/Documents/Unreal Projects/Journeyman/Content/Developers/s6088054/Collections/' was aborted.
[2018.02.04-10.49.48:672][950]LogDirectoryWatcher: A directory notification for 'C:/Users/s6088054/Documents/Unreal Projects/Journeyman/Saved/Collections/' was aborted.
[2018.02.04-10.49.48:672][950]LogModuleManager: Shutting down and abandoning module StatsViewer (510)
[2018.02.04-10.49.48:672][950]LogModuleManager: Shutting down and abandoning module FoliageEdit (508)
[2018.02.04-10.49.48:672][950]LogModuleManager: Shutting down and abandoning module LandscapeEditor (506)
[2018.02.04-10.49.48:672][950]LogModuleManager: Shutting down and abandoning module MeshPaintMode (504)
[2018.02.04-10.49.48:672][950]LogModuleManager: Shutting down and abandoning module SceneDepthPickerMode (502)
[2018.02.04-10.49.48:672][950]LogModuleManager: Shutting down and abandoning module ActorPickerMode (500)
[2018.02.04-10.49.48:672][950]LogModuleManager: Shutting down and abandoning module GeometryMode (498)
[2018.02.04-10.49.48:672][950]LogModuleManager: Shutting down and abandoning module TextureAlignMode (496)
[2018.02.04-10.49.48:672][950]LogModuleManager: Shutting down and abandoning module BspMode (494)
[2018.02.04-10.49.48:672][950]LogModuleManager: Shutting down and abandoning module HardwareSurvey (492)
[2018.02.04-10.49.48:672][950]LogModuleManager: Shutting down and abandoning module SequenceRecorderSections (490)
[2018.02.04-10.49.48:672][950]LogModuleManager: Shutting down and abandoning module AutomationWorker (488)
[2018.02.04-10.49.48:672][950]LogModuleManager: Shutting down and abandoning module MatineeToLevelSequence (486)
[2018.02.04-10.49.48:672][950]LogModuleManager: Shutting down and abandoning module LevelSequenceEditor (484)
[2018.02.04-10.49.48:672][950]LogModuleManager: Shutting down and abandoning module PlacementMode (483)
[2018.02.04-10.49.48:672][950]LogModuleManager: Shutting down and abandoning module WmfMediaFactory (480)
[2018.02.04-10.49.48:672][950]LogModuleManager: Shutting down and abandoning module WmfMediaEditor (478)
[2018.02.04-10.49.48:672][950]LogModuleManager: Shutting down and abandoning module AvfMediaFactory (476)
[2018.02.04-10.49.48:672][950]LogModuleManager: Shutting down and abandoning module AvfMediaEditor (474)
[2018.02.04-10.49.48:672][950]LogModuleManager: Shutting down and abandoning module AndroidMediaFactory (472)
[2018.02.04-10.49.48:672][950]LogModuleManager: Shutting down and abandoning module Media (471)
[2018.02.04-10.49.48:672][950]LogModuleManager: Shutting down and abandoning module AndroidMediaEditor (468)
[2018.02.04-10.49.48:672][950]LogModuleManager: Shutting down and abandoning module CharacterAI (466)
[2018.02.04-10.49.48:672][950]LogModuleManager: Shutting down and abandoning module AudioCapture (464)
[2018.02.04-10.49.48:672][950]LogModuleManager: Shutting down and abandoning module SequenceRecorder (463)
[2018.02.04-10.49.48:672][950]LogModuleManager: Shutting down and abandoning module SmartSnapping (460)
[2018.02.04-10.49.48:672][950]LogModuleManager: Shutting down and abandoning module SessionServices (458)
[2018.02.04-10.49.48:672][950]LogModuleManager: Shutting down and abandoning module ViewportSnapping (456)
[2018.02.04-10.49.48:672][950]LogModuleManager: Shutting down and abandoning module ViewportInteraction (454)
[2018.02.04-10.49.48:672][950]LogModuleManager: Shutting down and abandoning module ClothPainter (452)
[2018.02.04-10.49.48:672][950]LogModuleManager: Shutting down and abandoning module LogVisualizer (450)
[2018.02.04-10.49.48:673][950]LogModuleManager: Shutting down and abandoning module IntroTutorials (448)
[2018.02.04-10.49.48:673][950]LogModuleManager: Shutting down and abandoning module GameProjectGeneration (447)
[2018.02.04-10.49.48:673][950]LogModuleManager: Shutting down and abandoning module EditorLiveStreaming (444)
[2018.02.04-10.49.48:673][950]LogModuleManager: Shutting down and abandoning module IOSPlatformEditor (442)
[2018.02.04-10.49.48:673][950]LogModuleManager: Shutting down and abandoning module HTML5PlatformEditor (440)
[2018.02.04-10.49.48:673][950]LogModuleManager: Shutting down and abandoning module AndroidPlatformEditor (438)
[2018.02.04-10.49.48:673][950]LogModuleManager: Shutting down and abandoning module AndroidDeviceDetection (437)
[2018.02.04-10.49.49:274][950]LogModuleManager: Shutting down and abandoning module IOSRuntimeSettings (434)
[2018.02.04-10.49.49:274][950]LogModuleManager: Shutting down and abandoning module AndroidRuntimeSettings (432)
[2018.02.04-10.49.49:274][950]LogModuleManager: Shutting down and abandoning module InputBindingEditor (430)
[2018.02.04-10.49.49:274][950]LogModuleManager: Shutting down and abandoning module MergeActors (428)
[2018.02.04-10.49.49:274][950]LogModuleManager: Shutting down and abandoning module SizeMap (426)
[2018.02.04-10.49.49:275][950]LogModuleManager: Shutting down and abandoning module TreeMap (424)
[2018.02.04-10.49.49:275][950]LogModuleManager: Shutting down and abandoning module ReferenceViewer (422)
[2018.02.04-10.49.49:275][950]LogModuleManager: Shutting down and abandoning module LocalizationDashboard (420)
[2018.02.04-10.49.49:275][950]LogModuleManager: Shutting down and abandoning module LocalizationService (419)
[2018.02.04-10.49.49:275][950]LogModuleManager: Shutting down and abandoning module HardwareTargeting (416)
[2018.02.04-10.49.49:275][950]LogModuleManager: Shutting down and abandoning module DeviceProfileEditor (414)
[2018.02.04-10.49.49:275][950]LogModuleManager: Shutting down and abandoning module UndoHistory (412)
[2018.02.04-10.49.49:275][950]LogModuleManager: Shutting down and abandoning module UserFeedback (410)
[2018.02.04-10.49.49:275][950]LogModuleManager: Shutting down and abandoning module XmlParser (408)
[2018.02.04-10.49.49:275][950]LogModuleManager: Shutting down and abandoning module Blutility (406)
[2018.02.04-10.49.49:275][950]LogModuleManager: Shutting down and abandoning module ProjectSettingsViewer (404)
[2018.02.04-10.49.49:275][950]LogModuleManager: Shutting down and abandoning module ProjectTargetPlatformEditor (403)
[2018.02.04-10.49.49:275][950]LogModuleManager: Shutting down and abandoning module EditorSettingsViewer (400)
[2018.02.04-10.49.49:275][950]LogModuleManager: Shutting down and abandoning module SettingsEditor (398)
[2018.02.04-10.49.49:275][950]LogModuleManager: Shutting down and abandoning module ProjectLauncher (396)
[2018.02.04-10.49.49:275][950]LogModuleManager: Shutting down and abandoning module SessionFrontend (394)
[2018.02.04-10.49.49:275][950]LogModuleManager: Shutting down and abandoning module ProfilerClient (392)
[2018.02.04-10.49.49:275][950]LogModuleManager: Shutting down and abandoning module DeviceManager (390)
[2018.02.04-10.49.49:275][950]LogModuleManager: Shutting down and abandoning module TargetDeviceServices (389)
[2018.02.04-10.49.49:352][950]LogModuleManager: Shutting down and abandoning module AutomationController (386)
[2018.02.04-10.49.49:352][950]LogModuleManager: Shutting down and abandoning module AutomationWindow (384)
[2018.02.04-10.49.49:352][950]LogModuleManager: Shutting down and abandoning module Layers (382)
[2018.02.04-10.49.49:352][950]LogModuleManager: Shutting down and abandoning module ComponentVisualizers (380)
[2018.02.04-10.49.49:352][950]LogModuleManager: Shutting down and abandoning module DetailCustomizations (378)
[2018.02.04-10.49.49:352][950]LogModuleManager: Shutting down and abandoning module PackagesDialog (376)
[2018.02.04-10.49.49:352][950]LogModuleManager: Shutting down and abandoning module Persona (374)
[2018.02.04-10.49.49:352][950]LogModuleManager: Shutting down and abandoning module AdvancedPreviewScene (373)
[2018.02.04-10.49.49:352][950]LogModuleManager: Shutting down and abandoning module AnimGraph (371)
[2018.02.04-10.49.49:352][950]LogModuleManager: Shutting down and abandoning module Kismet (368)
[2018.02.04-10.49.49:353][950]LogModuleManager: Shutting down and abandoning module ClassViewer (366)
[2018.02.04-10.49.49:353][950]LogModuleManager: Shutting down and abandoning module Toolbox (364)
[2018.02.04-10.49.49:353][950]LogModuleManager: Shutting down and abandoning module ModuleUI (362)
[2018.02.04-10.49.49:354][950]LogModuleManager: Shutting down and abandoning module MovieSceneTools (360)
[2018.02.04-10.49.49:354][950]LogModuleManager: Shutting down and abandoning module OutputLog (358)
[2018.02.04-10.49.49:354][950]LogModuleManager: Shutting down and abandoning module GammaUI (356)
[2018.02.04-10.49.49:354][950]LogModuleManager: Shutting down and abandoning module Documentation (354)
[2018.02.04-10.49.49:354][950]LogModuleManager: Shutting down and abandoning module MovieSceneTracks (352)
[2018.02.04-10.49.49:354][950]LogModuleManager: Shutting down and abandoning module MovieScene (350)
[2018.02.04-10.49.49:354][950]LogModuleManager: Shutting down and abandoning module Niagara (348)
[2018.02.04-10.49.49:354][950]LogModuleManager: Shutting down and abandoning module NiagaraEditor (347)
[2018.02.04-10.49.49:354][950]LogModuleManager: Shutting down and abandoning module StreamingPauseRendering (344)
[2018.02.04-10.49.49:354][950]LogModuleManager: Shutting down and abandoning module AnalyticsET (342)
[2018.02.04-10.49.49:354][950]LogModuleManager: Shutting down and abandoning module PortalServices (340)
[2018.02.04-10.49.49:354][950]LogModuleManager: Shutting down and abandoning module PortalRpc (338)
[2018.02.04-10.49.49:354][950]LogModuleManager: Shutting down and abandoning module MessagingRpc (336)
[2018.02.04-10.49.49:354][950]LogModuleManager: Shutting down and abandoning module AIModule (334)
[2018.02.04-10.49.49:354][950]LogModuleManager: Shutting down and abandoning module GameplayDebugger (333)
[2018.02.04-10.49.49:354][950]LogModuleManager: Shutting down and abandoning module AITestSuite (331)
[2018.02.04-10.49.49:354][950]LogModuleManager: Shutting down and abandoning module ProfilerService (328)
[2018.02.04-10.49.49:486][950]LogModuleManager: Shutting down and abandoning module TaskGraph (326)
[2018.02.04-10.49.49:486][950]LogModuleManager: Shutting down and abandoning module SteamVRController (324)
[2018.02.04-10.49.49:486][950]LogModuleManager: Shutting down and abandoning module SteamVR (322)
[2018.02.04-10.49.49:486][950]LogModuleManager: Shutting down and abandoning module ProceduralMeshComponentEditor (320)
[2018.02.04-10.49.49:486][950]LogModuleManager: Shutting down and abandoning module ProceduralMeshComponent (318)
[2018.02.04-10.49.49:486][950]LogModuleManager: Shutting down and abandoning module OculusLibrary (316)
[2018.02.04-10.49.49:486][950]LogModuleManager: Shutting down and abandoning module OculusInput (314)
[2018.02.04-10.49.49:486][950]LogModuleManager: Shutting down and abandoning module MobilePatchingUtils (312)
[2018.02.04-10.49.49:486][950]LogModuleManager: Shutting down and abandoning module CustomMeshComponent (310)
[2018.02.04-10.49.49:486][950]LogModuleManager: Shutting down and abandoning module CableComponent (308)
[2018.02.04-10.49.49:486][950]LogModuleManager: Shutting down and abandoning module ArchVisCharacter (306)
[2018.02.04-10.49.49:486][950]LogModuleManager: Shutting down and abandoning module AndroidPermission (304)
[2018.02.04-10.49.49:486][950]LogModuleManager: Shutting down and abandoning module MediaPlayerEditor (300)
[2018.02.04-10.49.49:486][950]LogModuleManager: Shutting down and abandoning module HTML5Networking (298)
[2018.02.04-10.49.49:486][950]LogModuleManager: Shutting down and abandoning module AlembicImporter (296)
[2018.02.04-10.49.49:486][950]LogModuleManager: Shutting down and abandoning module AlembicLibrary (295)
[2018.02.04-10.49.49:486][950]LogModuleManager: Shutting down and abandoning module GeometryCache (294)
[2018.02.04-10.49.49:486][950]LogModuleManager: Shutting down and abandoning module GeometryCacheEd (293)
[2018.02.04-10.49.49:486][950]LogModuleManager: Shutting down and abandoning module SuperSearchEditor (288)
[2018.02.04-10.49.49:486][950]LogModuleManager: Shutting down and abandoning module SuperSearch (287)
[2018.02.04-10.49.49:486][950]LogModuleManager: Shutting down and abandoning module SpeedTreeImporter (284)
[2018.02.04-10.49.49:486][950]LogModuleManager: Shutting down and abandoning module PluginBrowser (282)
[2018.02.04-10.49.49:486][950]LogModuleManager: Shutting down and abandoning module MobileLauncherProfileWizard (280)
[2018.02.04-10.49.49:486][950]LogModuleManager: Shutting down and abandoning module VisualStudioSourceCodeAccess (278)
[2018.02.04-10.49.49:486][950]LogModuleManager: Shutting down and abandoning module DesktopPlatform (277)
[2018.02.04-10.49.49:486][950]LogModuleManager: Shutting down and abandoning module UObjectPlugin (274)
[2018.02.04-10.49.49:486][950]LogModuleManager: Shutting down and abandoning module SubversionSourceControl (272)
[2018.02.04-10.49.49:486][950]LogModuleManager: Shutting down and abandoning module PerforceSourceControl (270)
[2018.02.04-10.49.49:486][950]LogModuleManager: Shutting down and abandoning module GitSourceControl (268)
[2018.02.04-10.49.49:486][950]LogModuleManager: Shutting down and abandoning module SourceControl (267)
[2018.02.04-10.49.49:486][950]LogModuleManager: Shutting down and abandoning module LightPropagationVolumeEditor (264)
[2018.02.04-10.49.49:486][950]LogModuleManager: Shutting down and abandoning module PaperTiledImporter (262)
[2018.02.04-10.49.49:486][950]LogModuleManager: Shutting down and abandoning module PaperSpriteSheetImporter (260)
[2018.02.04-10.49.49:486][950]LogModuleManager: Shutting down and abandoning module Paper2DEditor (258)
[2018.02.04-10.49.49:486][950]LogModuleManager: Shutting down and abandoning module MeshPaint (257)
[2018.02.04-10.49.49:486][950]LogModuleManager: Shutting down and abandoning module LevelEditor (255)
[2018.02.04-10.49.49:488][950]LogModuleManager: Shutting down and abandoning module PixelInspectorModule (254)
[2018.02.04-10.49.49:488][950]LogModuleManager: Shutting down and abandoning module MainFrame (252)
[2018.02.04-10.49.49:488][950]LogModuleManager: Shutting down and abandoning module HotReload (251)
[2018.02.04-10.49.49:489][950]LogModuleManager: Shutting down and abandoning module PhysXVehiclesEditor (246)
[2018.02.04-10.49.49:489][950]LogModuleManager: Shutting down and abandoning module PhysXVehicles (244)
[2018.02.04-10.49.49:489][950]LogModuleManager: Shutting down and abandoning module LocationServicesBPLibrary (242)
[2018.02.04-10.49.49:489][950]LogModuleManager: Shutting down and abandoning module ImmediatePhysicsEditor (240)
[2018.02.04-10.49.49:489][950]LogModuleManager: Shutting down and abandoning module ImmediatePhysics (238)
[2018.02.04-10.49.49:489][950]LogModuleManager: Shutting down and abandoning module UdpMessaging (236)
[2018.02.04-10.49.49:590][950]LogModuleManager: Shutting down and abandoning module TcpMessaging (234)
[2018.02.04-10.49.49:691][950]LogModuleManager: Shutting down and abandoning module GameplayTagsEditor (232)
[2018.02.04-10.49.49:691][950]LogModuleManager: Shutting down and abandoning module FacialAnimationEditor (230)
[2018.02.04-10.49.49:691][950]LogModuleManager: Shutting down and abandoning module FacialAnimation (228)
[2018.02.04-10.49.49:691][950]LogModuleManager: Shutting down and abandoning module AssetManagerEditor (226)
[2018.02.04-10.49.49:691][950]LogModuleManager: Shutting down and abandoning module GraphEditor (225)
[2018.02.04-10.49.49:691][950]LogModuleManager: Shutting down and abandoning module ContentBrowser (223)
[2018.02.04-10.49.49:693][950]LogModuleManager: Shutting down and abandoning module LightPropagationVolumeRuntime (220)
[2018.02.04-10.49.49:693][950]LogModuleManager: Shutting down and abandoning module Paper2D (218)
[2018.02.04-10.49.49:693][950]LogModuleManager: Shutting down and abandoning module WindowsMoviePlayer (216)
[2018.02.04-10.49.49:693][950]LogModuleManager: Shutting down and abandoning module WmfMedia (214)
[2018.02.04-10.49.49:693][950]LogModuleManager: Shutting down and abandoning module ClothingSystemEditor (212)
[2018.02.04-10.49.49:693][950]LogModuleManager: Shutting down and abandoning module ClothingSystemRuntime (210)
[2018.02.04-10.49.49:693][950]LogModuleManager: Shutting down and abandoning module MediaAssets (208)
[2018.02.04-10.49.49:693][950]LogModuleManager: Shutting down and abandoning module GameLiveStreaming (206)
[2018.02.04-10.49.49:693][950]LogModuleManager: Shutting down and abandoning module VREditor (204)
[2018.02.04-10.49.49:693][950]LogModuleManager: Shutting down and abandoning module StringTableEditor (202)
[2018.02.04-10.49.49:693][950]LogModuleManager: Shutting down and abandoning module GameplayTasksEditor (200)
[2018.02.04-10.49.49:693][950]LogModuleManager: Shutting down and abandoning module BehaviorTreeEditor (198)
[2018.02.04-10.49.49:693][950]LogModuleManager: Shutting down and abandoning module FunctionalTesting (196)
[2018.02.04-10.49.49:693][950]LogModuleManager: Shutting down and abandoning module CollisionAnalyzer (194)
[2018.02.04-10.49.49:694][950]LogModuleManager: Shutting down and abandoning module UMG (192)
[2018.02.04-10.49.49:694][950]LogModuleManager: Shutting down and abandoning module UMGEditor (191)
[2018.02.04-10.49.49:694][950]LogModuleManager: Shutting down and abandoning module Sequencer (190)
[2018.02.04-10.49.49:694][950]LogModuleManager: Shutting down and abandoning module AssetTools (188)
[2018.02.04-10.49.49:694][950]LogModuleManager: Shutting down and abandoning module MessageLog (187)
[2018.02.04-10.49.49:694][950]LogModuleManager: Shutting down and abandoning module WorkspaceMenuStructure (186)
[2018.02.04-10.49.49:694][950]LogModuleManager: Shutting down and abandoning module SlateReflector (180)
[2018.02.04-10.49.49:694][950]LogModuleManager: Shutting down and abandoning module Slate (178)
[2018.02.04-10.49.49:694][950]LogModuleManager: Shutting down and abandoning module EditorStyle (176)
[2018.02.04-10.49.49:700][950]LogModuleManager: Shutting down and abandoning module SourceCodeAccess (174)
[2018.02.04-10.49.49:700][950]LogModuleManager: Shutting down and abandoning module HeadMountedDisplay (172)
[2018.02.04-10.49.49:700][950]LogModuleManager: Shutting down and abandoning module XAudio2 (170)
[2018.02.04-10.49.49:700][950]LogModuleManager: Shutting down and abandoning module Networking (168)
[2018.02.04-10.49.49:700][950]LogModuleManager: Shutting down and abandoning module Core (164)
[2018.02.04-10.49.49:700][950]LogModuleManager: Shutting down and abandoning module AssetRegistry (162)
[2018.02.04-10.49.49:815][950]LogDirectoryWatcher: A directory notification for '../../../Engine/Content/' was aborted.
[2018.02.04-10.49.49:815][950]LogDirectoryWatcher: A directory notification for '../../../../../../Users/s6088054/Documents/Unreal Projects/Journeyman/Content/' was aborted.
[2018.02.04-10.49.49:815][950]LogDirectoryWatcher: A directory notification for '../../../Engine/Plugins/2D/Paper2D/Content/' was aborted.
[2018.02.04-10.49.49:815][950]LogDirectoryWatcher: A directory notification for '../../../Engine/Plugins/Runtime/GearVR/Content/' was aborted.
[2018.02.04-10.49.49:817][950]LogModuleManager: Shutting down and abandoning module DirectoryWatcher (161)
[2018.02.04-10.49.49:818][950]LogModuleManager: Shutting down and abandoning module KismetCompiler (158)
[2018.02.04-10.49.49:818][950]LogModuleManager: Shutting down and abandoning module LevelSequence (156)
[2018.02.04-10.49.49:818][950]LogModuleManager: Shutting down and abandoning module PhysXFormats (154)
[2018.02.04-10.49.49:818][950]LogModuleManager: Shutting down and abandoning module MeshUtilities (152)
[2018.02.04-10.49.49:818][950]LogModuleManager: Shutting down and abandoning module SimplygonSwarm (151)
[2018.02.04-10.49.49:818][950]LogModuleManager: Shutting down and abandoning module SimplygonMeshReduction (149)
[2018.02.04-10.49.49:818][950]LogModuleManager: Shutting down and abandoning module QuadricMeshReduction (147)
[2018.02.04-10.49.49:818][950]LogModuleManager: Shutting down and abandoning module DerivedDataCache (144)
[2018.02.04-10.49.49:914][950]LogDerivedDataCache: Shutdown
[2018.02.04-10.49.49:915][950]LogModuleManager: Shutting down and abandoning module TargetPlatform (142)
[2018.02.04-10.49.49:915][950]LogModuleManager: Shutting down and abandoning module VulkanShaderFormat (141)
[2018.02.04-10.49.49:915][950]LogModuleManager: Shutting down and abandoning module ShaderFormatVectorVM (139)
[2018.02.04-10.49.49:915][950]LogModuleManager: Shutting down and abandoning module ShaderFormatOpenGL (137)
[2018.02.04-10.49.49:915][950]LogModuleManager: Shutting down and abandoning module ShaderFormatD3D (135)
[2018.02.04-10.49.49:915][950]LogModuleManager: Shutting down and abandoning module MetalShaderFormat (133)
[2018.02.04-10.49.49:915][950]LogModuleManager: Shutting down and abandoning module TextureFormatUncompressed (131)
[2018.02.04-10.49.49:915][950]LogModuleManager: Shutting down and abandoning module TextureFormatPVR (129)
[2018.02.04-10.49.49:915][950]LogModuleManager: Shutting down and abandoning module TextureFormatDXT (127)
[2018.02.04-10.49.49:915][950]LogModuleManager: Shutting down and abandoning module TextureFormatIntelISPCTexComp (125)
[2018.02.04-10.49.49:915][950]LogModuleManager: Shutting down and abandoning module TextureFormatASTC (123)
[2018.02.04-10.49.49:915][950]LogModuleManager: Shutting down and abandoning module ImageWrapper (122)
[2018.02.04-10.49.49:915][950]LogModuleManager: Shutting down and abandoning module TextureFormatAndroid (119)
[2018.02.04-10.49.49:915][950]LogModuleManager: Shutting down and abandoning module AudioFormatOpus (117)
[2018.02.04-10.49.49:915][950]LogModuleManager: Shutting down and abandoning module AudioFormatOgg (115)
[2018.02.04-10.49.49:915][950]LogModuleManager: Shutting down and abandoning module AudioFormatADPCM (113)
[2018.02.04-10.49.49:915][950]LogModuleManager: Shutting down and abandoning module LinuxTargetPlatform (111)
[2018.02.04-10.49.49:915][950]LogModuleManager: Shutting down and abandoning module LinuxServerTargetPlatform (109)
[2018.02.04-10.49.49:915][950]LogModuleManager: Shutting down and abandoning module LinuxNoEditorTargetPlatform (107)
[2018.02.04-10.49.49:915][950]LogModuleManager: Shutting down and abandoning module LinuxClientTargetPlatform (105)
[2018.02.04-10.49.49:915][950]LogModuleManager: Shutting down and abandoning module TVOSTargetPlatform (103)
[2018.02.04-10.49.49:915][950]LogModuleManager: Shutting down and abandoning module Messaging (101)
[2018.02.04-10.49.49:915][950]LogModuleManager: Shutting down and abandoning module IOSTargetPlatform (99)
[2018.02.04-10.49.49:915][950]LogModuleManager: Shutting down and abandoning module HTML5TargetPlatform (97)
[2018.02.04-10.49.49:915][950]LogModuleManager: Shutting down and abandoning module Android_PVRTCTargetPlatform (95)
[2018.02.04-10.49.49:915][950]LogModuleManager: Shutting down and abandoning module Android_MultiTargetPlatform (93)
[2018.02.04-10.49.49:915][950]LogModuleManager: Shutting down and abandoning module Android_ETC2TargetPlatform (91)
[2018.02.04-10.49.49:915][950]LogModuleManager: Shutting down and abandoning module Android_ETC1TargetPlatform (89)
[2018.02.04-10.49.49:915][950]LogModuleManager: Shutting down and abandoning module Android_DXTTargetPlatform (87)
[2018.02.04-10.49.49:915][950]LogModuleManager: Shutting down and abandoning module Android_ATCTargetPlatform (85)
[2018.02.04-10.49.49:915][950]LogModuleManager: Shutting down and abandoning module Android_ASTCTargetPlatform (83)
[2018.02.04-10.49.49:915][950]LogModuleManager: Shutting down and abandoning module AndroidTargetPlatform (81)
[2018.02.04-10.49.49:915][950]LogModuleManager: Shutting down and abandoning module WindowsTargetPlatform (79)
[2018.02.04-10.49.49:915][950]LogModuleManager: Shutting down and abandoning module WindowsServerTargetPlatform (77)
[2018.02.04-10.49.49:915][950]LogModuleManager: Shutting down and abandoning module WindowsNoEditorTargetPlatform (75)
[2018.02.04-10.49.49:915][950]LogModuleManager: Shutting down and abandoning module WindowsClientTargetPlatform (73)
[2018.02.04-10.49.49:915][950]LogModuleManager: Shutting down and abandoning module MacTargetPlatform (71)
[2018.02.04-10.49.49:915][950]LogModuleManager: Shutting down and abandoning module MacServerTargetPlatform (69)
[2018.02.04-10.49.49:915][950]LogModuleManager: Shutting down and abandoning module MacNoEditorTargetPlatform (67)
[2018.02.04-10.49.49:915][950]LogModuleManager: Shutting down and abandoning module MacClientTargetPlatform (65)
[2018.02.04-10.49.49:915][950]LogModuleManager: Shutting down and abandoning module AllDesktopTargetPlatform (63)
[2018.02.04-10.49.49:915][950]LogModuleManager: Shutting down and abandoning module InputCore (60)
[2018.02.04-10.49.49:915][950]LogModuleManager: Shutting down and abandoning module Settings (58)
[2018.02.04-10.49.49:915][950]LogModuleManager: Shutting down and abandoning module OculusRift (56)
[2018.02.04-10.49.49:916][950]LogModuleManager: Shutting down and abandoning module GearVRController (54)
[2018.02.04-10.49.49:916][950]LogModuleManager: Shutting down and abandoning module GearVR (52)
[2018.02.04-10.49.49:916][950]LogModuleManager: Shutting down and abandoning module ExampleDeviceProfileSelector (50)
[2018.02.04-10.49.49:916][950]LogModuleManager: Shutting down and abandoning module OnlineBlueprintSupport (48)
[2018.02.04-10.49.49:916][950]LogModuleManager: Shutting down and abandoning module OnlineSubsystem (44)
[2018.02.04-10.49.49:916][950]LogOnline:Display: Unloading online subsystem: NULL
[2018.02.04-10.49.49:916][950]LogModuleManager: Shutting down and abandoning module XMPP (43)
[2018.02.04-10.49.49:916][950]LogModuleManager: Shutting down and abandoning module HTTP (41)
[2018.02.04-10.49.49:916][950]LogHttp:Display: Http module shutting down, but needs to wait on 1 outstanding Http requests:
[2018.02.04-10.49.49:916][950]LogHttp:Display: 	verb=[POST] url=[https://datarouter.ol.epicgames.com/datarouter/api/v1/public/data?SessionID=%7B49FDC235-46C0-68C5-D719-16BF4CE146C0%7D&AppID=UEEditor.Rocket.Release&AppVersion=4.16.3-3561208%2B%2B%2BUE4%2BRelease-4.16&UserID=f4773aee4e7684ccc8e570932f31fa58%7C%7Ccd0dcf4e-1cca-4ca9-9e03-9684dd77c408&AppEnvironment=datacollector-binary&UploadType=eteventstream] status=Processing
[2018.02.04-10.49.49:925][950]LogModuleManager: Shutting down and abandoning module SSL (40)
[2018.02.04-10.49.49:927][950]LogModuleManager: Shutting down and abandoning module HTTPChunkInstaller (36)
[2018.02.04-10.49.49:928][950]LogModuleManager: Shutting down and abandoning module AnimationModifiers (34)
[2018.02.04-10.49.49:928][950]LogModuleManager: Shutting down and abandoning module PropertyEditor (33)
[2018.02.04-10.49.49:928][950]LogModuleManager: Shutting down and abandoning module AudioEditor (30)
[2018.02.04-10.49.49:928][950]LogModuleManager: Shutting down and abandoning module TextureCompressor (28)
[2018.02.04-10.49.49:928][950]LogModuleManager: Shutting down and abandoning module ShaderCore (26)
[2018.02.04-10.49.49:928][950]LogModuleManager: Shutting down and abandoning module Landscape (24)
[2018.02.04-10.49.49:928][950]LogModuleManager: Shutting down and abandoning module SlateRHIRenderer (22)
[2018.02.04-10.49.49:929][950]LogModuleManager: Shutting down and abandoning module OpenGLDrv (20)
[2018.02.04-10.49.49:929][950]LogModuleManager: Shutting down and abandoning module D3D11RHI (18)
[2018.02.04-10.49.49:929][950]LogModuleManager: Shutting down and abandoning module AnimGraphRuntime (16)
[2018.02.04-10.49.49:929][950]LogModuleManager: Shutting down and abandoning module Renderer (14)
[2018.02.04-10.49.49:929][950]LogModuleManager: Shutting down and abandoning module Engine (12)
[2018.02.04-10.49.49:929][950]LogModuleManager: Shutting down and abandoning module CoreUObject (10)
[2018.02.04-10.49.49:929][950]LogModuleManager: Shutting down and abandoning module NetworkFile (8)
[2018.02.04-10.49.49:929][950]LogModuleManager: Shutting down and abandoning module StreamingFile (6)
[2018.02.04-10.49.49:929][950]LogModuleManager: Shutting down and abandoning module SandboxFile (4)
[2018.02.04-10.49.49:929][950]LogModuleManager: Shutting down and abandoning module PakFile (2)
[2018.02.04-10.49.49:932][950]LogExit: Exiting.
[2018.02.04-10.49.49:954][950]Log file closed, 02/04/18 10:49:49
