Log file open, 02/08/18 15:19:16
LogInit:Display: Running engine for game: Journeyman
LogPlatformFile: Not using cached read wrapper
LogInit:Display: RandInit(553502699) SRandInit(553502699).
LogTaskGraph: Started task graph with 5 named threads and 8 total threads with 1 sets of task threads.
LogStats: Stats thread started at 0.118551
LogInit: Using libcurl 7.47.1
LogInit:  - built for x86_64-pc-win32
LogInit:  - supports SSL with OpenSSL/1.0.2g
LogInit:  - supports HTTP deflate (compression) using libz 1.2.8
LogInit:  - other features:
LogInit:      CURL_VERSION_SSL
LogInit:      CURL_VERSION_LIBZ
LogInit:      CURL_VERSION_IPV6
LogInit:      CURL_VERSION_ASYNCHDNS
LogInit:      CURL_VERSION_LARGEFILE
LogInit:      CURL_VERSION_IDN
LogInit:  CurlRequestOptions (configurable via config and command line):
LogInit:  - bVerifyPeer = false  - Libcurl will NOT verify peer certificate
LogInit:  - bUseHttpProxy = false  - Libcurl will NOT use HTTP proxy
LogInit:  - bDontReuseConnections = false  - Libcurl will reuse connections
LogInit:  - CertBundlePath = nullptr  - Libcurl will use whatever was configured at build time.
LogInit: Build: ++UE4+Release-4.16-CL-3561208
LogInit: Engine Version: 4.16.3-3561208+++UE4+Release-4.16
LogInit: Compatible Engine Version: 4.16.0-3452394+++UE4+Release-4.16
LogInit: Net CL: 3452394
LogDevObjectVersion: Number of dev versions registered: 16
LogDevObjectVersion:   Dev-Blueprints (B0D832E4-1F89-4F0D-ACCF-7EB736FD4AA2): 9
LogDevObjectVersion:   Dev-Build (E1C64328-A22C-4D53-A36C-8E866417BD8C): 0
LogDevObjectVersion:   Dev-Core (375EC13C-06E4-48FB-B500-84F0262A717E): 2
LogDevObjectVersion:   Dev-Editor (E4B068ED-F494-42E9-A231-DA0B2E46BB41): 17
LogDevObjectVersion:   Dev-Framework (CFFC743F-43B0-4480-9391-14DF171D2073): 23
LogDevObjectVersion:   Dev-Mobile (B02B49B5-BB20-44E9-A304-32B752E40360): 0
LogDevObjectVersion:   Dev-Networking (A4E4105C-59A1-49B5-A7C5-40C4547EDFEE): 0
LogDevObjectVersion:   Dev-Online (39C831C9-5AE6-47DC-9A44-9C173E1C8E7C): 0
LogDevObjectVersion:   Dev-Physics (78F01B33-EBEA-4F98-B9B4-84EACCB95AA2): 0
LogDevObjectVersion:   Dev-Platform (6631380F-2D4D-43E0-8009-CF276956A95A): 0
LogDevObjectVersion:   Dev-Rendering (12F88B9F-8875-4AFC-A67C-D90C383ABD29): 15
LogDevObjectVersion:   Dev-Sequencer (7B5AE74C-D270-4C10-A958-57980B212A5A): 4
LogDevObjectVersion:   Dev-VR (D7296918-1DD6-4BDD-9DE2-64A83CC13884): 0
LogDevObjectVersion:   Dev-LoadTimes (C2A15278-BFE7-4AFE-6C17-90FF531DF755): 1
LogDevObjectVersion:   Private-Geometry (6EACA3D4-40EC-4CC1-B786-8BED09428FC5): 1
LogDevObjectVersion:   Dev-AnimPhys (29E575DD-E0A3-4627-9D10-D276232CDCEA): 3
LogInit: Compiled (64-bit): Jul 28 2017 11:49:47
LogInit: Compiled with Visual C++: 19.00.24215.01
LogInit: Build Configuration: Development
LogInit: Branch Name: ++UE4+Release-4.16
LogInit: Command line: 
LogInit: Base directory: C:/Program Files/Epic Games/UE_4.16/Engine/Binaries/Win64/
LogInit: Installed Engine Build: 1
LogInit: Presizing for max 8388607 objects, including 0 objects not considered by GC, pre-allocating 0 bytes for permanent pool.
LogInit: Object subsystem initialized
[2018.02.08-15.19.17:751][  0]LogInit: Selected Device Profile: [Windows]
[2018.02.08-15.19.17:751][  0]LogInit: Applying CVar settings loaded from the selected device profile: [Windows]
[2018.02.08-15.19.17:765][  0]LogInit: Computer: TU46969
[2018.02.08-15.19.17:765][  0]LogInit: User: s6088054
[2018.02.08-15.19.17:765][  0]LogInit: CPU Page size=4096, Cores=4
[2018.02.08-15.19.17:765][  0]LogInit: High frequency timer resolution =2.728058 MHz
[2018.02.08-15.19.17:766][  0]LogMemory: Memory total: Physical=31.9GB (32GB approx)
[2018.02.08-15.19.17:766][  0]LogMemory: Platform Memory Stats for Windows
[2018.02.08-15.19.17:766][  0]LogMemory: Process Physical Memory: 273.43 MB used, 273.43 MB peak
[2018.02.08-15.19.17:766][  0]LogMemory: Process Virtual Memory: 266.99 MB used, 266.99 MB peak
[2018.02.08-15.19.17:766][  0]LogMemory: Physical Memory: 6608.81 MB used,  26075.53 MB free, 32684.34 MB total
[2018.02.08-15.19.17:766][  0]LogMemory: Virtual Memory: 630.11 MB used,  26075.53 MB free, 134217728.00 MB total
[2018.02.08-15.19.17:997][  0]LogInit: Using OS detected language (en-US).
[2018.02.08-15.19.17:997][  0]LogInit: Using OS detected locale (en-GB).
[2018.02.08-15.19.18:001][  0]LogTextLocalizationManager: No specific localization for 'en-US' exists, so the 'en' localization will be used.
[2018.02.08-15.19.19:343][  0]LogD3D11RHI: D3D11 adapters:
[2018.02.08-15.19.19:408][  0]LogD3D11RHI:    0. 'NVIDIA GeForce GTX 1070' (Feature Level 11_0)
[2018.02.08-15.19.19:408][  0]LogD3D11RHI:       8085/0/16342 MB DedicatedVideo/DedicatedSystem/SharedSystem, Outputs:2, VendorId:0x10de
[2018.02.08-15.19.19:411][  0]LogD3D11RHI:    1. 'Microsoft Basic Render Driver' (Feature Level 11_0)
[2018.02.08-15.19.19:411][  0]LogD3D11RHI:       0/0/16342 MB DedicatedVideo/DedicatedSystem/SharedSystem, Outputs:0, VendorId:0x1414
[2018.02.08-15.19.19:411][  0]LogD3D11RHI: Chosen D3D11 Adapter: 0
[2018.02.08-15.19.19:417][  0]LogD3D11RHI: Creating new Direct3DDevice
[2018.02.08-15.19.19:417][  0]LogD3D11RHI:     GPU DeviceId: 0x1b81 (for the marketing name, search the web for "GPU Device Id")
[2018.02.08-15.19.19:417][  0]LogWindows: EnumDisplayDevices:
[2018.02.08-15.19.19:417][  0]LogWindows:    0. 'NVIDIA GeForce GTX 1070' (P:1 D:1)
[2018.02.08-15.19.19:417][  0]LogWindows:    1. 'NVIDIA GeForce GTX 1070' (P:0 D:1)
[2018.02.08-15.19.19:417][  0]LogWindows:    2. 'NVIDIA GeForce GTX 1070' (P:0 D:0)
[2018.02.08-15.19.19:418][  0]LogWindows:    3. 'NVIDIA GeForce GTX 1070' (P:0 D:0)
[2018.02.08-15.19.19:418][  0]LogWindows: DebugString: FoundDriverCount:4 
[2018.02.08-15.19.19:418][  0]LogD3D11RHI:     Adapter Name: NVIDIA GeForce GTX 1070
[2018.02.08-15.19.19:418][  0]LogD3D11RHI:   Driver Version: 385.41 (internal:22.21.13.8541, unified:385.41)
[2018.02.08-15.19.19:418][  0]LogD3D11RHI:      Driver Date: 8-21-2017
[2018.02.08-15.19.19:418][  0]LogRHI: Texture pool is 1361 MB (70% of 1945 MB)
[2018.02.08-15.19.19:452][  0]LogD3D11RHI: Async texture creation enabled
[2018.02.08-15.19.19:465][  0]LogD3D11RHI: GPU Timing Frequency: 1000.000000 (Debug: 2 1)
[2018.02.08-15.19.19:550][  0]LogShaderCompilers: Guid format shader working directory is -11 characters bigger than the processId version (../../../../../../Users/s6088054/Documents/GitHub/Journeyman/Intermediate/Shaders/WorkingDirectory/8104/).
[2018.02.08-15.19.19:550][  0]LogShaderCompilers: Cleaned the shader compiler working directory 'C:/Users/s6088054/AppData/Local/Temp/UnrealShaderWorkingDir/99960AED464E710753BCDDA8514082C4/'.
[2018.02.08-15.19.19:550][  0]LogShaderCompilers:Display: Using Local Shader Compiler.
[2018.02.08-15.19.21:611][  0]LogTemp:Display: Loaded TP AllDesktopTargetPlatform
[2018.02.08-15.19.21:749][  0]LogTemp:Display: Loaded TP MacClientTargetPlatform
[2018.02.08-15.19.21:879][  0]LogTemp:Display: Loaded TP MacNoEditorTargetPlatform
[2018.02.08-15.19.22:011][  0]LogTemp:Display: Loaded TP MacServerTargetPlatform
[2018.02.08-15.19.22:146][  0]LogTemp:Display: Loaded TP MacTargetPlatform
[2018.02.08-15.19.22:285][  0]LogTemp:Display: Loaded TP WindowsClientTargetPlatform
[2018.02.08-15.19.22:423][  0]LogTemp:Display: Loaded TP WindowsNoEditorTargetPlatform
[2018.02.08-15.19.22:555][  0]LogTemp:Display: Loaded TP WindowsServerTargetPlatform
[2018.02.08-15.19.22:683][  0]LogTemp:Display: Loaded TP WindowsTargetPlatform
[2018.02.08-15.19.22:815][  0]LogTemp:Display: Loaded TP AndroidTargetPlatform
[2018.02.08-15.19.22:949][  0]LogTemp:Display: Loaded TP Android_ASTCTargetPlatform
[2018.02.08-15.19.23:082][  0]LogTemp:Display: Loaded TP Android_ATCTargetPlatform
[2018.02.08-15.19.23:213][  0]LogTemp:Display: Loaded TP Android_DXTTargetPlatform
[2018.02.08-15.19.23:356][  0]LogTemp:Display: Loaded TP Android_ETC1TargetPlatform
[2018.02.08-15.19.23:493][  0]LogTemp:Display: Loaded TP Android_ETC2TargetPlatform
[2018.02.08-15.19.23:777][  0]LogTemp:Display: Loaded TP Android_MultiTargetPlatform
[2018.02.08-15.19.23:777][  0]LogTemp:Display: Loaded TP Android_PVRTCTargetPlatform
[2018.02.08-15.19.23:910][  0]LogTemp:Display: Loaded TP HTML5TargetPlatform
[2018.02.08-15.19.24:140][  0]LogTemp:Display: Loaded TP IOSTargetPlatform
[2018.02.08-15.19.24:226][  0]LogTemp:Display: Loaded TP TVOSTargetPlatform
[2018.02.08-15.19.24:370][  0]LogTemp:Display: Loaded TP LinuxClientTargetPlatform
[2018.02.08-15.19.24:505][  0]LogTemp:Display: Loaded TP LinuxNoEditorTargetPlatform
[2018.02.08-15.19.24:639][  0]LogTemp:Display: Loaded TP LinuxServerTargetPlatform
[2018.02.08-15.19.24:770][  0]LogTemp:Display: Loaded TP LinuxTargetPlatform
[2018.02.08-15.19.24:770][  0]LogTargetPlatformManager:Display: Building Assets For Windows
[2018.02.08-15.19.26:327][  0]LogDerivedDataCache:Display: Max Cache Size: 512 MB
[2018.02.08-15.19.26:442][  0]LogDerivedDataCache: Loaded boot cache 0.11s 90MB C:/Users/s6088054/AppData/Local/UnrealEngine/4.16/DerivedDataCache/Boot.ddc.
[2018.02.08-15.19.26:442][  0]LogDerivedDataCache:Display: Loaded Boot cache: C:/Users/s6088054/AppData/Local/UnrealEngine/4.16/DerivedDataCache/Boot.ddc
[2018.02.08-15.19.26:443][  0]LogDerivedDataCache: FDerivedDataBackendGraph:  Pak pak cache file ../../../../../../Users/s6088054/Documents/GitHub/Journeyman/DerivedDataCache/DDC.ddp not found, will not use a pak cache.
[2018.02.08-15.19.26:443][  0]LogDerivedDataCache: Unable to find inner node Pak for hierarchical cache Hierarchy.
[2018.02.08-15.19.26:443][  0]LogDerivedDataCache: FDerivedDataBackendGraph:  CompressedPak pak cache file ../../../../../../Users/s6088054/Documents/GitHub/Journeyman/DerivedDataCache/Compressed.ddp not found, will not use a pak cache.
[2018.02.08-15.19.26:443][  0]LogDerivedDataCache: Unable to find inner node CompressedPak for hierarchical cache Hierarchy.
[2018.02.08-15.19.26:465][  0]LogDerivedDataCache:Display: Pak cache opened for reading ../../../Engine/DerivedDataCache/Compressed.ddp.
[2018.02.08-15.19.26:478][  0]LogDerivedDataCache: Using Local data cache path C:/Users/s6088054/AppData/Local/UnrealEngine/Common/DerivedDataCache: Writable
[2018.02.08-15.19.26:490][  0]LogMaterial: Verifying Global Shaders for PCD3D_SM5
[2018.02.08-15.19.26:490][  0]LogSlate: Using Freetype 2.6.0
[2018.02.08-15.19.26:491][  0]LogSlate: SlateFontCache - WITH_FREETYPE: 1, WITH_HARFBUZZ: 1
[2018.02.08-15.19.26:491][  0]LogSlate: SlateFontCache - WITH_FREETYPE: 1, WITH_HARFBUZZ: 1
[2018.02.08-15.19.26:980][  0]LogInit: Selected Device Profile: [Windows]
[2018.02.08-15.19.27:058][  0]LogContentStreaming: Texture pool size is 0.00 MB
[2018.02.08-15.19.27:383][  0]LogMeshUtilities: Using QuadricMeshReduction for automatic static mesh reduction
[2018.02.08-15.19.27:524][  0]LogSimplygon: Simplygon DLL not present - disabling.
[2018.02.08-15.19.27:663][  0]LogMeshUtilities: Using SimplygonSwarm for distributed automatic mesh merging
[2018.02.08-15.19.27:663][  0]LogMeshUtilities: No automatic skeletal mesh reduction module available
[2018.02.08-15.19.27:663][  0]LogMeshUtilities: No automatic mesh merging module available
[2018.02.08-15.19.28:664][  0]LogNetVersion: Journeyman , NetCL: 3452394, EngineNetVer: 2, GameNetVer: 0 (Checksum: 3541979263)
[2018.02.08-15.19.28:787][  0]LogAssetRegistry: FAssetRegistry took 0.0308 seconds to start up
[2018.02.08-15.19.28:921][  0]LogPackageLocalizationCache: Processed 4 localized package path(s) for 2 prioritized culture(s) in 0.053953 seconds
[2018.02.08-15.19.28:928][  0]LogUObjectArray: 34194 objects as part of root set at end of initial load.
[2018.02.08-15.19.28:928][  0]LogUObjectAllocator: 7260416 out of 0 bytes used by permanent object pool.
[2018.02.08-15.19.28:928][  0]LogUObjectArray: CloseDisregardForGC: 0/0 objects in disregard for GC pool
[2018.02.08-15.19.29:172][  0]LogInit: WinSock: version 1.1 (2.2), MaxSocks=32767, MaxUdp=65467
[2018.02.08-15.19.34:547][  0]LogTcpMessaging: Initializing TcpMessaging bridge
[2018.02.08-15.19.34:649][  0]LogUdpMessaging: Initializing bridge on interface 0.0.0.0:0 to multicast group 230.0.0.1:6666.
[2018.02.08-15.19.35:974][  0]LogMaterial: Uniform references updated for custom material expression Custom.
[2018.02.08-15.19.36:983][  0]SourceControl: Info Source control is disabled
[2018.02.08-15.19.40:538][  0]LogAndroidPermission: UAndroidPermissionCallbackProxy::GetInstance
[2018.02.08-15.19.42:173][  0]LogEngine: Initializing Engine...
[2018.02.08-15.19.42:176][  0]LogHMD: Failed to initialize OpenVR with code 110
[2018.02.08-15.19.42:436][  0]LogStats: UGameplayTagsManager::ConstructGameplayTagTree: Construct from data asset -  0.000 s
[2018.02.08-15.19.42:436][  0]LogStats: UGameplayTagsManager::ConstructGameplayTagTree: GameplayTagTreeChangedEvent.Broadcast -  0.000 s
[2018.02.08-15.19.42:843][  0]LogAIModule: Creating AISystem for world Untitled
[2018.02.08-15.19.42:855][  0]LogInit: XAudio2 using 'Speakers (Realtek High Definition Audio)' : 2 channels at 48 kHz using 32 bits per sample (channel mask 0x3)
[2018.02.08-15.19.42:887][  0]LogInit: FAudioDevice initialized.
[2018.02.08-15.19.42:942][  0]LogDerivedDataCache: Saved boot cache 0.05s 90MB C:/Users/s6088054/AppData/Local/UnrealEngine/4.16/DerivedDataCache/Boot.ddc.
[2018.02.08-15.19.42:958][  0]LogInit: Texture streaming: Enabled
[2018.02.08-15.19.43:296][  0]LogEngineSessionManager: EngineSessionManager initialized
[2018.02.08-15.19.43:941][  0]LogInit: Transaction tracking system initialized
[2018.02.08-15.19.44:965][  0]BlueprintLog: New page: Editor Load
[2018.02.08-15.19.47:982][  0]LocalizationService: Info Localization service is disabled
[2018.02.08-15.19.50:043][  0]LogConsoleResponse:Display: 
[2018.02.08-15.19.50:274][  0]LogCook:Display: Max memory allowance for cook 16384mb min free memory 0mb
[2018.02.08-15.19.50:274][  0]LogCook:Display: Mobile HDR setting 1
[2018.02.08-15.19.50:714][  0]LogFileCache: Scanning file cache for directory 'C:/Users/s6088054/Documents/GitHub/Journeyman/Content/' took 0.01s
[2018.02.08-15.19.53:690][  0]Cmd: MAP LOAD FILE="../../../../../../Users/s6088054/Documents/GitHub/Journeyman/Content/FirstPersonBP/Maps/FirstPersonExampleMap.umap" TEMPLATE=0 SHOWPROGRESS=1 FEATURELEVEL=3
[2018.02.08-15.19.53:691][  0]LightingResults: New page: Lighting Build
[2018.02.08-15.19.53:823][  0]MapCheck: New page: Map Check
[2018.02.08-15.19.53:823][  0]LightingResults: New page: Lighting Build
[2018.02.08-15.19.54:406][  0]LogAIModule: Creating AISystem for world FirstPersonExampleMap
[2018.02.08-15.19.54:416][  0]LogEditorServer: Finished looking for orphan Actors (0.000 secs)
[2018.02.08-15.19.54:431][  0]Cmd: MAP CHECKDEP NOCLEARLOG
[2018.02.08-15.19.54:514][  0]MapCheck: Info Map check complete: 0 Error(s), 0 Warning(s), took 82.53ms to complete.
[2018.02.08-15.19.54:514][  0]LogFileHelpers: Loading map 'FirstPersonExampleMap' took 0.823
[2018.02.08-15.19.54:761][  0]LogCollectionManager: Loaded 0 collections in 0.001751 seconds
[2018.02.08-15.19.54:930][  0]LogFileCache: Scanning file cache for directory 'C:/Users/s6088054/Documents/GitHub/Journeyman/Saved/Collections/' took 0.01s
[2018.02.08-15.19.54:930][  0]LogFileCache: Scanning file cache for directory 'C:/Users/s6088054/Documents/GitHub/Journeyman/Content/Developers/s6088054/Collections/' took 0.01s
[2018.02.08-15.19.54:930][  0]LogFileCache: Scanning file cache for directory 'C:/Users/s6088054/Documents/GitHub/Journeyman/Content/Collections/' took 0.01s
[2018.02.08-15.19.54:930][  0]LogCollectionManager: Rebuilt the GUID cache for 0 collections in 0.000002 seconds
[2018.02.08-15.19.54:941][  0]LogContentBrowser: Native class hierarchy populated in 0.0104 seconds. Added 2329 classes and 491 folders.
[2018.02.08-15.19.55:148][  0]LogContentBrowser: Native class hierarchy updated for 'WidgetCarousel' in 0.0008 seconds. Added 0 classes and 0 folders.
[2018.02.08-15.19.55:198][  0]LogContentBrowser: Native class hierarchy updated for 'AddContentDialog' in 0.0008 seconds. Added 0 classes and 0 folders.
[2018.02.08-15.19.55:324][  0]LogContentBrowser: Native class hierarchy updated for 'SceneOutliner' in 0.0008 seconds. Added 1 classes and 2 folders.
[2018.02.08-15.19.55:428][  0]LogCrashTracker: Crashtracker disabled due to settings.
[2018.02.08-15.19.55:433][  0]LogSlate: Took 0.000200 seconds to synchronously load lazily loaded font '../../../Engine/Content/Slate/Fonts/Roboto-Regular.ttf' (155K)
[2018.02.08-15.19.55:436][  0]LogSlate: Took 0.000213 seconds to synchronously load lazily loaded font '../../../Engine/Content/Slate/Fonts/Roboto-Bold.ttf' (160K)
[2018.02.08-15.19.55:442][  0]LogSlate: Took 0.000255 seconds to synchronously load lazily loaded font '../../../Engine/Content/Editor/Slate/Fonts/FontAwesome.ttf' (139K)
[2018.02.08-15.19.55:542][  0]LogRenderer: Reallocating scene render targets to support 1208x652 NumSamples 1 (Frame:1).
[2018.02.08-15.19.55:849][  0]LogContentBrowser: Native class hierarchy updated for 'HierarchicalLODOutliner' in 0.0009 seconds. Added 1 classes and 2 folders.
[2018.02.08-15.19.55:849][  0]LogLoad: (Engine Initialization) Total time: 40.78 seconds
[2018.02.08-15.19.55:849][  0]LogLoad: (Engine Initialization) Total Blueprint compile time: 0.26 seconds
[2018.02.08-15.19.55:849][  0]LogExternalProfiler: No external profilers were discovered.  External profiling features will not be available.
[2018.02.08-15.19.56:189][  0]LogOcInput: OculusInput pre-init called
[2018.02.08-15.19.56:189][  0]LogHMD: Starting GearVRController plugin
[2018.02.08-15.19.56:207][  0]SourceControl: Info On branch 02/06-max-gunGenCont
[2018.02.08-15.19.56:207][  0]SourceControl: Info Your branch is up-to-date with 'origin/02/06-max-gunGenCont'.
[2018.02.08-15.19.56:207][  0]SourceControl: Info Changes not staged for commit:
[2018.02.08-15.19.56:207][  0]SourceControl: Info   (use "git add <file>..." to update what will be committed)
[2018.02.08-15.19.56:207][  0]SourceControl: Info   (use "git checkout -- <file>..." to discard changes in working directory)
[2018.02.08-15.19.56:207][  0]SourceControl: Info 	modified:   Intermediate/CachedAssetRegistry.bin
[2018.02.08-15.19.56:207][  0]SourceControl: Info 	modified:   Saved/Logs/Journeyman.log
[2018.02.08-15.19.56:207][  0]SourceControl: Info Untracked files:
[2018.02.08-15.19.56:207][  0]SourceControl: Info   (use "git add <file>..." to include in what will be committed)
[2018.02.08-15.19.56:207][  0]SourceControl: Info 	Saved/Config/CrashReportClient/UE4CC-Windows-25C5529B48C1EE74951586A2CB95915F/
[2018.02.08-15.19.56:207][  0]SourceControl: Info 	Saved/Logs/Journeyman-backup-2018.02.08-15.19.16.log
[2018.02.08-15.19.56:207][  0]SourceControl: Info no changes added to commit (use "git add" and/or "git commit -a")
[2018.02.08-15.19.56:208][  0]LogContentStreaming: Texture pool size now 1000 MB
[2018.02.08-15.19.56:231][  0]LogSlate: Took 0.000214 seconds to synchronously load lazily loaded font '../../../Engine/Content/Slate/Fonts/Roboto-Light.ttf' (159K)
[2018.02.08-15.19.56:527][  1]LogAssetRegistry: Asset discovery search completed in 27.7626 seconds
[2018.02.08-15.19.56:530][  1]LogCollectionManager: Rebuilt the object cache for 0 collections in 0.000000 seconds (found 0 objects)
[2018.02.08-15.19.56:530][  1]LogCollectionManager: Fixed up redirectors for 0 collections in 0.000045 seconds (updated 0 objects)
[2018.02.08-15.20.27:796][638]LogSlate: Took 0.000272 seconds to synchronously load lazily loaded font '../../../Engine/Content/Slate/Fonts/Roboto-Light.ttf' (159K)
[2018.02.08-15.20.28:383][638]LogContentBrowser: Native class hierarchy updated for 'BlueprintGraph' in 0.0013 seconds. Added 112 classes and 0 folders.
[2018.02.08-15.20.29:042][638]LogSlate: Took 0.000195 seconds to synchronously load lazily loaded font '../../../Engine/Content/Slate/Fonts/Roboto-Regular.ttf' (155K)
[2018.02.08-15.20.32:414][912]LogSlate: Took 0.000225 seconds to synchronously load lazily loaded font '../../../Engine/Content/Editor/Slate/Fonts/Roboto-BoldCondensed.ttf' (158K)
[2018.02.08-15.20.46:595][965]LogSlate: Took 0.000294 seconds to synchronously load lazily loaded font '../../../Engine/Content/Editor/Slate/Fonts/Roboto-Italic.ttf' (157K)
[2018.02.08-15.22.24:434][688]LogActorComponent: UnregisterComponent: (/Engine/Transient.EditorFloorComp) Not registered. Aborting.
[2018.02.08-15.22.25:006][740]LogActorComponent: UnregisterComponent: (/Engine/Transient.EditorFloorComp) Not registered. Aborting.
[2018.02.08-15.22.26:421][886]LogActorComponent: UnregisterComponent: (/Engine/Transient.EditorFloorComp) Not registered. Aborting.
[2018.02.08-15.24.18:354][188]SourceControl: Info rm 'Content/BDL/Max/genGun/test.uasset'
[2018.02.08-15.24.30:470][604]BlueprintLog: New page: Compile iDamage
[2018.02.08-15.24.31:117][655]Cmd: OBJ SAVEPACKAGE PACKAGE="/Game/BDL/Max/genGun/iDamage" FILE="../../../../../../Users/s6088054/Documents/GitHub/Journeyman/Content/BDL/Max/genGun/iDamage.uasset" SILENT=true
[2018.02.08-15.24.31:135][655]LogSavePackage: Save=8.63ms
[2018.02.08-15.24.31:135][655]LogSavePackage: Moving '../../../../../../Users/s6088054/Documents/GitHub/Journeyman/Saved/iDamage8DD1E3D44D0A59D7C779B7956FA3AFE9.tmp' to '../../../../../../Users/s6088054/Documents/GitHub/Journeyman/Content/BDL/Max/genGun/iDamage.uasset'
[2018.02.08-15.24.31:139][655]LogSavePackage:Display: Finished SavePackage ../../../../../../Users/s6088054/Documents/GitHub/Journeyman/Content/BDL/Max/genGun/iDamage.uasset
[2018.02.08-15.25.23:032][522]BlueprintLog: New page: Compile baseCharacter
[2018.02.08-15.25.23:254][522]BlueprintEditorCompileResults: Info No value will be returned by reference. Parameter 'damage'. Node:  <None>
[2018.02.08-15.25.25:451][770]Cmd: OBJ SAVEPACKAGE PACKAGE="/Game/BDL/Max/genGun/iDamage" FILE="../../../../../../Users/s6088054/Documents/GitHub/Journeyman/Content/BDL/Max/genGun/iDamage.uasset" SILENT=true
[2018.02.08-15.25.25:464][770]LogSavePackage: Save=9.52ms
[2018.02.08-15.25.25:464][770]LogSavePackage: Moving '../../../../../../Users/s6088054/Documents/GitHub/Journeyman/Saved/iDamageE1E553694A023D1679ADC187D50A58AC.tmp' to '../../../../../../Users/s6088054/Documents/GitHub/Journeyman/Content/BDL/Max/genGun/iDamage.uasset'
[2018.02.08-15.25.25:467][770]LogSavePackage:Display: Finished SavePackage ../../../../../../Users/s6088054/Documents/GitHub/Journeyman/Content/BDL/Max/genGun/iDamage.uasset
[2018.02.08-15.25.28:979][158]Cmd: OBJ SAVEPACKAGE PACKAGE="/Game/BDL/Max/genGun/baseCharacter" FILE="../../../../../../Users/s6088054/Documents/GitHub/Journeyman/Content/BDL/Max/genGun/baseCharacter.uasset" SILENT=true
[2018.02.08-15.25.29:006][158]LogSavePackage: Save=17.47ms
[2018.02.08-15.25.29:006][158]LogSavePackage: Moving '../../../../../../Users/s6088054/Documents/GitHub/Journeyman/Saved/baseCharacter2AC351E34BFFDE67EFA1988FF623FC1D.tmp' to '../../../../../../Users/s6088054/Documents/GitHub/Journeyman/Content/BDL/Max/genGun/baseCharacter.uasset'
[2018.02.08-15.25.29:010][158]LogSavePackage:Display: Finished SavePackage ../../../../../../Users/s6088054/Documents/GitHub/Journeyman/Content/BDL/Max/genGun/baseCharacter.uasset
[2018.02.08-15.30.19:019][240]LogSlate: Took 0.000236 seconds to synchronously load lazily loaded font '../../../Engine/Content/Editor/Slate/Fonts/Roboto-BoldCondensedItalic.ttf' (160K)
[2018.02.08-15.30.23:195][720]BlueprintLog: New page: Compile baseCharacter
[2018.02.08-15.30.23:445][720]BlueprintEditorCompileResults: Info No value will be returned by reference. Parameter 'damage'. Node:  Event Affect Health
[2018.02.08-15.30.23:896][755]Cmd: OBJ SAVEPACKAGE PACKAGE="/Game/BDL/Max/genGun/baseCharacter" FILE="../../../../../../Users/s6088054/Documents/GitHub/Journeyman/Content/BDL/Max/genGun/baseCharacter.uasset" SILENT=true
[2018.02.08-15.30.23:943][755]LogSavePackage: Save=42.42ms
[2018.02.08-15.30.23:943][755]LogSavePackage: Moving '../../../../../../Users/s6088054/Documents/GitHub/Journeyman/Saved/baseCharacter9799F869436B817C174B2583CEC47559.tmp' to '../../../../../../Users/s6088054/Documents/GitHub/Journeyman/Content/BDL/Max/genGun/baseCharacter.uasset'
[2018.02.08-15.30.23:947][755]LogSavePackage:Display: Finished SavePackage ../../../../../../Users/s6088054/Documents/GitHub/Journeyman/Content/BDL/Max/genGun/baseCharacter.uasset
[2018.02.08-15.32.36:393][183]BlueprintLog: New page: Compile baseCharacter
[2018.02.08-15.32.36:541][183]BlueprintEditorCompileResults: Info No value will be returned by reference. Parameter 'damage'. Node:  Event Affect Health
[2018.02.08-15.32.37:090][226]Cmd: OBJ SAVEPACKAGE PACKAGE="/Game/BDL/Max/genGun/baseCharacter" FILE="../../../../../../Users/s6088054/Documents/GitHub/Journeyman/Content/BDL/Max/genGun/baseCharacter.uasset" SILENT=true
[2018.02.08-15.32.37:153][226]LogSavePackage: Save=52.79ms
[2018.02.08-15.32.37:153][226]LogSavePackage: Moving '../../../../../../Users/s6088054/Documents/GitHub/Journeyman/Saved/baseCharacter664EB54A452861993F403E91F911A448.tmp' to '../../../../../../Users/s6088054/Documents/GitHub/Journeyman/Content/BDL/Max/genGun/baseCharacter.uasset'
[2018.02.08-15.32.37:159][226]LogSavePackage:Display: Finished SavePackage ../../../../../../Users/s6088054/Documents/GitHub/Journeyman/Content/BDL/Max/genGun/baseCharacter.uasset
[2018.02.08-15.33.36:581][844]LogEditorTransaction: Undo Resize Node
[2018.02.08-15.33.36:604][844]LogSlate: Took 0.000271 seconds to synchronously load lazily loaded font '../../../Engine/Content/Slate/Fonts/Roboto-Light.ttf' (159K)
[2018.02.08-15.34.12:263][560]BlueprintLog: New page: Compile baseCharacter
[2018.02.08-15.34.12:509][560]BlueprintEditorCompileResults: Info No value will be returned by reference. Parameter 'damage'. Node:  Event Affect Health
[2018.02.08-15.34.12:796][577]Cmd: OBJ SAVEPACKAGE PACKAGE="/Game/BDL/Max/genGun/baseCharacter" FILE="../../../../../../Users/s6088054/Documents/GitHub/Journeyman/Content/BDL/Max/genGun/baseCharacter.uasset" SILENT=true
[2018.02.08-15.34.12:859][577]LogSavePackage: Save=58.69ms
[2018.02.08-15.34.12:859][577]LogSavePackage: Moving '../../../../../../Users/s6088054/Documents/GitHub/Journeyman/Saved/baseCharacterEA04B03D420E57071AD83EB3F9A6333C.tmp' to '../../../../../../Users/s6088054/Documents/GitHub/Journeyman/Content/BDL/Max/genGun/baseCharacter.uasset'
[2018.02.08-15.34.12:863][577]LogSavePackage:Display: Finished SavePackage ../../../../../../Users/s6088054/Documents/GitHub/Journeyman/Content/BDL/Max/genGun/baseCharacter.uasset
[2018.02.08-15.35.04:211][833]BlueprintLog: New page: Compile baseCharacter
[2018.02.08-15.35.04:349][833]BlueprintEditorCompileResults: Info No value will be returned by reference. Parameter 'damage'. Node:  Event Affect Health
[2018.02.08-15.35.04:874][867]Cmd: OBJ SAVEPACKAGE PACKAGE="/Game/BDL/Max/genGun/baseCharacter" FILE="../../../../../../Users/s6088054/Documents/GitHub/Journeyman/Content/BDL/Max/genGun/baseCharacter.uasset" SILENT=true
[2018.02.08-15.35.04:936][867]LogSavePackage: Save=57.94ms
[2018.02.08-15.35.04:936][867]LogSavePackage: Moving '../../../../../../Users/s6088054/Documents/GitHub/Journeyman/Saved/baseCharacterACECC50841C279ECAC9AE58A4F474A27.tmp' to '../../../../../../Users/s6088054/Documents/GitHub/Journeyman/Content/BDL/Max/genGun/baseCharacter.uasset'
[2018.02.08-15.35.04:941][867]LogSavePackage:Display: Finished SavePackage ../../../../../../Users/s6088054/Documents/GitHub/Journeyman/Content/BDL/Max/genGun/baseCharacter.uasset
[2018.02.08-15.38.07:582][904]BlueprintLog: New page: Compile baseCharacter
[2018.02.08-15.38.07:724][904]BlueprintEditorCompileResults: Info No value will be returned by reference. Parameter 'damage'. Node:  Event Affect Health
[2018.02.08-15.38.08:425][965]Cmd: OBJ SAVEPACKAGE PACKAGE="/Game/BDL/Max/genGun/baseCharacter" FILE="../../../../../../Users/s6088054/Documents/GitHub/Journeyman/Content/BDL/Max/genGun/baseCharacter.uasset" SILENT=true
[2018.02.08-15.38.08:509][965]LogSavePackage: Save=60.26ms
[2018.02.08-15.38.08:509][965]LogSavePackage: Moving '../../../../../../Users/s6088054/Documents/GitHub/Journeyman/Saved/baseCharacterA94FDFA14D14C2E3117E46983578DE2A.tmp' to '../../../../../../Users/s6088054/Documents/GitHub/Journeyman/Content/BDL/Max/genGun/baseCharacter.uasset'
[2018.02.08-15.38.08:513][965]LogSavePackage:Display: Finished SavePackage ../../../../../../Users/s6088054/Documents/GitHub/Journeyman/Content/BDL/Max/genGun/baseCharacter.uasset
[2018.02.08-15.42.21:869][  0]BlueprintLog: New page: Compile baseCharacter
[2018.02.08-15.42.22:128][  0]BlueprintEditorCompileResults: Info No value will be returned by reference. Parameter 'damage'. Node:  Event Affect Health
[2018.02.08-15.49.29:749][253]LogEditorTransaction: Undo Move Node
[2018.02.08-15.50.15:686][166]LogFileHelpers: Editor autosave (incl. sublevels) for '/Game/FirstPersonBP/Maps/FirstPersonExampleMap' took 0.028
[2018.02.08-15.50.15:688][166]OBJ SavePackage: Generating thumbnails for [0] asset(s) in package [/Game/BDL/Max/genGun/baseCharacter] ([1] browsable assets)...
[2018.02.08-15.50.15:688][166]OBJ SavePackage: Finished generating thumbnails for package [/Game/BDL/Max/genGun/baseCharacter]
[2018.02.08-15.50.15:780][166]LogSavePackage: Save=82.14ms
[2018.02.08-15.50.15:780][166]LogSavePackage: Moving '../../../../../../Users/s6088054/Documents/GitHub/Journeyman/Saved/baseCharacter_Auto13CB78E6B40B6E6EF66B9A29EBD87C788.tmp' to '../../../../../../Users/s6088054/Documents/GitHub/Journeyman/Saved/Autosaves/Game/BDL/Max/genGun/baseCharacter_Auto1.uasset'
[2018.02.08-15.50.15:782][166]LogSavePackage:Display: Finished SavePackage ../../../../../../Users/s6088054/Documents/GitHub/Journeyman/Saved/Autosaves/Game/BDL/Max/genGun/baseCharacter_Auto1.uasset
[2018.02.08-15.50.15:782][166]LogFileHelpers: Auto-saving content packages took 0.095
[2018.02.08-15.59.25:159][ 10]BlueprintLog: New page: Compile baseCharacter
[2018.02.08-15.59.25:426][ 10]BlueprintEditorCompileResults: Info No value will be returned by reference. Parameter 'damage'. Node:  Event Affect Health
[2018.02.08-15.59.25:705][ 10]Cmd: OBJ SAVEPACKAGE PACKAGE="/Game/BDL/Max/genGun/baseCharacter" FILE="../../../../../../Users/s6088054/Documents/GitHub/Journeyman/Content/BDL/Max/genGun/baseCharacter.uasset" SILENT=true
[2018.02.08-15.59.25:810][ 10]LogSavePackage: Save=93.28ms
[2018.02.08-15.59.25:810][ 10]LogSavePackage: Moving '../../../../../../Users/s6088054/Documents/GitHub/Journeyman/Saved/baseCharacterD24BBBAB4FF20FD395979FB80A229B9C.tmp' to '../../../../../../Users/s6088054/Documents/GitHub/Journeyman/Content/BDL/Max/genGun/baseCharacter.uasset'
[2018.02.08-15.59.25:814][ 10]LogSavePackage:Display: Finished SavePackage ../../../../../../Users/s6088054/Documents/GitHub/Journeyman/Content/BDL/Max/genGun/baseCharacter.uasset
[2018.02.08-15.59.26:001][ 16]Cmd: OBJ SAVEPACKAGE PACKAGE="/Game/BDL/Max/genGun/baseCharacter" FILE="../../../../../../Users/s6088054/Documents/GitHub/Journeyman/Content/BDL/Max/genGun/baseCharacter.uasset" SILENT=true
[2018.02.08-15.59.26:094][ 16]LogSavePackage: Save=89.56ms
[2018.02.08-15.59.26:094][ 16]LogSavePackage: Moving '../../../../../../Users/s6088054/Documents/GitHub/Journeyman/Saved/baseCharacter3B126414424DEEB941C6CBB6CEF5E371.tmp' to '../../../../../../Users/s6088054/Documents/GitHub/Journeyman/Content/BDL/Max/genGun/baseCharacter.uasset'
[2018.02.08-15.59.26:096][ 16]LogSavePackage:Display: Finished SavePackage ../../../../../../Users/s6088054/Documents/GitHub/Journeyman/Content/BDL/Max/genGun/baseCharacter.uasset
[2018.02.08-16.05.05:908][837]BlueprintLog: New page: Compile baseCharacter
[2018.02.08-16.05.06:085][837]BlueprintEditorCompileResults: Info No value will be returned by reference. Parameter 'damage'. Node:  Event Affect Health
[2018.02.08-16.16.13:988][359]LogFileHelpers: Editor autosave (incl. sublevels) for '/Game/FirstPersonBP/Maps/FirstPersonExampleMap' took 0.030
[2018.02.08-16.16.13:990][359]OBJ SavePackage: Generating thumbnails for [0] asset(s) in package [/Game/BDL/Max/genGun/baseCharacter] ([1] browsable assets)...
[2018.02.08-16.16.13:990][359]OBJ SavePackage: Finished generating thumbnails for package [/Game/BDL/Max/genGun/baseCharacter]
[2018.02.08-16.16.14:136][359]LogSavePackage: Save=136.01ms
[2018.02.08-16.16.14:136][359]LogSavePackage: Moving '../../../../../../Users/s6088054/Documents/GitHub/Journeyman/Saved/baseCharacter_Auto2982D8A7E46A9EE23EF907492355DC6DE.tmp' to '../../../../../../Users/s6088054/Documents/GitHub/Journeyman/Saved/Autosaves/Game/BDL/Max/genGun/baseCharacter_Auto2.uasset'
[2018.02.08-16.16.14:138][359]LogSavePackage:Display: Finished SavePackage ../../../../../../Users/s6088054/Documents/GitHub/Journeyman/Saved/Autosaves/Game/BDL/Max/genGun/baseCharacter_Auto2.uasset
[2018.02.08-16.16.14:138][359]LogFileHelpers: Auto-saving content packages took 0.149
[2018.02.08-16.22.02:775][156]LogBlueprint:Warning: [Compiler ] Warning Pasted node  CustomEvent   conflicted with  DoT  and was replaced as a Custom Event!
[2018.02.08-16.22.02:811][156]BlueprintEditorCompileResults:Warning: Warning Pasted node  CustomEvent   conflicted with  DoT  and was replaced as a Custom Event!
[2018.02.08-16.22.50:366][895]LogBlueprint:Warning: [Compiler ] Warning Pasted node  CustomEvent   conflicted with  elFire  and was replaced as a Custom Event!
[2018.02.08-16.22.50:399][895]BlueprintEditorCompileResults:Warning: Warning Pasted node  CustomEvent   conflicted with  DoT  and was replaced as a Custom Event!
[2018.02.08-16.22.50:399][895]BlueprintEditorCompileResults:Warning: Warning Pasted node  CustomEvent   conflicted with  elFire  and was replaced as a Custom Event!
[2018.02.08-16.22.58:611][736]LogBlueprint:Warning: [Compiler ] Warning Pasted node  CustomEvent   conflicted with  elFire  and was replaced as a Custom Event!
[2018.02.08-16.22.58:612][736]LogBlueprint:Warning: [Compiler ] Warning Pasted node  CustomEvent_1   conflicted with  elShock  and was replaced as a Custom Event!
[2018.02.08-16.22.58:643][736]BlueprintEditorCompileResults:Warning: Warning Pasted node  CustomEvent   conflicted with  DoT  and was replaced as a Custom Event!
[2018.02.08-16.22.58:643][736]BlueprintEditorCompileResults:Warning: Warning Pasted node  CustomEvent   conflicted with  elFire  and was replaced as a Custom Event!
[2018.02.08-16.22.58:643][736]BlueprintEditorCompileResults:Warning: Warning Pasted node  CustomEvent   conflicted with  elFire  and was replaced as a Custom Event!
[2018.02.08-16.22.58:643][736]BlueprintEditorCompileResults:Warning: Warning Pasted node  CustomEvent_1   conflicted with  elShock  and was replaced as a Custom Event!
[2018.02.08-16.23.10:825][349]Cmd: OBJ SAVEPACKAGE PACKAGE="/Game/BDL/Max/genGun/baseCharacter" FILE="../../../../../../Users/s6088054/Documents/GitHub/Journeyman/Content/BDL/Max/genGun/baseCharacter.uasset" SILENT=true
[2018.02.08-16.23.11:015][349]LogSavePackage: Save=178.93ms
[2018.02.08-16.23.11:015][349]LogSavePackage: Moving '../../../../../../Users/s6088054/Documents/GitHub/Journeyman/Saved/baseCharacter2BA5AD004F17F635A90BDD944F90FCFA.tmp' to '../../../../../../Users/s6088054/Documents/GitHub/Journeyman/Content/BDL/Max/genGun/baseCharacter.uasset'
[2018.02.08-16.23.11:020][349]LogSavePackage:Display: Finished SavePackage ../../../../../../Users/s6088054/Documents/GitHub/Journeyman/Content/BDL/Max/genGun/baseCharacter.uasset
[2018.02.08-16.23.27:187][928]LogBlueprint:Warning: [Compiler ] Warning Pasted node  CustomEvent   conflicted with  elCryo  and was replaced as a Custom Event!
[2018.02.08-16.23.27:226][928]BlueprintEditorCompileResults:Warning: Warning Pasted node  CustomEvent   conflicted with  DoT  and was replaced as a Custom Event!
[2018.02.08-16.23.27:226][928]BlueprintEditorCompileResults:Warning: Warning Pasted node  CustomEvent   conflicted with  elFire  and was replaced as a Custom Event!
[2018.02.08-16.23.27:226][928]BlueprintEditorCompileResults:Warning: Warning Pasted node  CustomEvent   conflicted with  elFire  and was replaced as a Custom Event!
[2018.02.08-16.23.27:226][928]BlueprintEditorCompileResults:Warning: Warning Pasted node  CustomEvent_1   conflicted with  elShock  and was replaced as a Custom Event!
[2018.02.08-16.23.27:226][928]BlueprintEditorCompileResults:Warning: Warning Pasted node  CustomEvent   conflicted with  elCryo  and was replaced as a Custom Event!
[2018.02.08-16.26.25:661][691]BlueprintEditorCompileResults:Warning: Warning Pasted node  CustomEvent   conflicted with  DoT  and was replaced as a Custom Event!
[2018.02.08-16.26.25:661][691]BlueprintEditorCompileResults:Warning: Warning Pasted node  CustomEvent   conflicted with  elFire  and was replaced as a Custom Event!
[2018.02.08-16.26.25:661][691]BlueprintEditorCompileResults:Warning: Warning Pasted node  CustomEvent   conflicted with  elFire  and was replaced as a Custom Event!
[2018.02.08-16.26.25:661][691]BlueprintEditorCompileResults:Warning: Warning Pasted node  CustomEvent_1   conflicted with  elShock  and was replaced as a Custom Event!
[2018.02.08-16.26.25:661][691]BlueprintEditorCompileResults:Warning: Warning Pasted node  CustomEvent   conflicted with  elCryo  and was replaced as a Custom Event!
[2018.02.08-16.26.25:868][698]BlueprintEditorCompileResults:Warning: Warning Pasted node  CustomEvent   conflicted with  DoT  and was replaced as a Custom Event!
[2018.02.08-16.26.25:868][698]BlueprintEditorCompileResults:Warning: Warning Pasted node  CustomEvent   conflicted with  elFire  and was replaced as a Custom Event!
[2018.02.08-16.26.25:868][698]BlueprintEditorCompileResults:Warning: Warning Pasted node  CustomEvent   conflicted with  elFire  and was replaced as a Custom Event!
[2018.02.08-16.26.25:868][698]BlueprintEditorCompileResults:Warning: Warning Pasted node  CustomEvent_1   conflicted with  elShock  and was replaced as a Custom Event!
[2018.02.08-16.26.25:868][698]BlueprintEditorCompileResults:Warning: Warning Pasted node  CustomEvent   conflicted with  elCryo  and was replaced as a Custom Event!
[2018.02.08-16.26.26:080][706]BlueprintEditorCompileResults:Warning: Warning Pasted node  CustomEvent   conflicted with  DoT  and was replaced as a Custom Event!
[2018.02.08-16.26.26:080][706]BlueprintEditorCompileResults:Warning: Warning Pasted node  CustomEvent   conflicted with  elFire  and was replaced as a Custom Event!
[2018.02.08-16.26.26:081][706]BlueprintEditorCompileResults:Warning: Warning Pasted node  CustomEvent   conflicted with  elFire  and was replaced as a Custom Event!
[2018.02.08-16.26.26:081][706]BlueprintEditorCompileResults:Warning: Warning Pasted node  CustomEvent_1   conflicted with  elShock  and was replaced as a Custom Event!
[2018.02.08-16.26.26:081][706]BlueprintEditorCompileResults:Warning: Warning Pasted node  CustomEvent   conflicted with  elCryo  and was replaced as a Custom Event!
[2018.02.08-16.26.26:284][713]BlueprintEditorCompileResults:Warning: Warning Pasted node  CustomEvent   conflicted with  DoT  and was replaced as a Custom Event!
[2018.02.08-16.26.26:284][713]BlueprintEditorCompileResults:Warning: Warning Pasted node  CustomEvent   conflicted with  elFire  and was replaced as a Custom Event!
[2018.02.08-16.26.26:285][713]BlueprintEditorCompileResults:Warning: Warning Pasted node  CustomEvent   conflicted with  elFire  and was replaced as a Custom Event!
[2018.02.08-16.26.26:285][713]BlueprintEditorCompileResults:Warning: Warning Pasted node  CustomEvent_1   conflicted with  elShock  and was replaced as a Custom Event!
[2018.02.08-16.26.26:285][713]BlueprintEditorCompileResults:Warning: Warning Pasted node  CustomEvent   conflicted with  elCryo  and was replaced as a Custom Event!
[2018.02.08-16.27.12:434][628]BlueprintEditorCompileResults:Warning: Warning Pasted node  CustomEvent   conflicted with  DoT  and was replaced as a Custom Event!
[2018.02.08-16.27.12:434][628]BlueprintEditorCompileResults:Warning: Warning Pasted node  CustomEvent   conflicted with  elFire  and was replaced as a Custom Event!
[2018.02.08-16.27.12:434][628]BlueprintEditorCompileResults:Warning: Warning Pasted node  CustomEvent   conflicted with  elFire  and was replaced as a Custom Event!
[2018.02.08-16.27.12:434][628]BlueprintEditorCompileResults:Warning: Warning Pasted node  CustomEvent_1   conflicted with  elShock  and was replaced as a Custom Event!
[2018.02.08-16.27.12:434][628]BlueprintEditorCompileResults:Warning: Warning Pasted node  CustomEvent   conflicted with  elCryo  and was replaced as a Custom Event!
[2018.02.08-16.27.16:719][992]BlueprintEditorCompileResults:Warning: Warning Pasted node  CustomEvent   conflicted with  DoT  and was replaced as a Custom Event!
[2018.02.08-16.27.16:719][992]BlueprintEditorCompileResults:Warning: Warning Pasted node  CustomEvent   conflicted with  elFire  and was replaced as a Custom Event!
[2018.02.08-16.27.16:719][992]BlueprintEditorCompileResults:Warning: Warning Pasted node  CustomEvent   conflicted with  elFire  and was replaced as a Custom Event!
[2018.02.08-16.27.16:719][992]BlueprintEditorCompileResults:Warning: Warning Pasted node  CustomEvent_1   conflicted with  elShock  and was replaced as a Custom Event!
[2018.02.08-16.27.16:719][992]BlueprintEditorCompileResults:Warning: Warning Pasted node  CustomEvent   conflicted with  elCryo  and was replaced as a Custom Event!
[2018.02.08-16.27.19:704][233]BlueprintEditorCompileResults:Warning: Warning Pasted node  CustomEvent   conflicted with  DoT  and was replaced as a Custom Event!
[2018.02.08-16.27.19:704][233]BlueprintEditorCompileResults:Warning: Warning Pasted node  CustomEvent   conflicted with  elFire  and was replaced as a Custom Event!
[2018.02.08-16.27.19:704][233]BlueprintEditorCompileResults:Warning: Warning Pasted node  CustomEvent   conflicted with  elFire  and was replaced as a Custom Event!
[2018.02.08-16.27.19:704][233]BlueprintEditorCompileResults:Warning: Warning Pasted node  CustomEvent_1   conflicted with  elShock  and was replaced as a Custom Event!
[2018.02.08-16.27.19:704][233]BlueprintEditorCompileResults:Warning: Warning Pasted node  CustomEvent   conflicted with  elCryo  and was replaced as a Custom Event!
[2018.02.08-16.27.45:138][310]BlueprintEditorCompileResults:Warning: Warning Pasted node  CustomEvent   conflicted with  DoT  and was replaced as a Custom Event!
[2018.02.08-16.27.45:138][310]BlueprintEditorCompileResults:Warning: Warning Pasted node  CustomEvent   conflicted with  elFire  and was replaced as a Custom Event!
[2018.02.08-16.27.45:138][310]BlueprintEditorCompileResults:Warning: Warning Pasted node  CustomEvent   conflicted with  elFire  and was replaced as a Custom Event!
[2018.02.08-16.27.45:138][310]BlueprintEditorCompileResults:Warning: Warning Pasted node  CustomEvent_1   conflicted with  elShock  and was replaced as a Custom Event!
[2018.02.08-16.27.45:138][310]BlueprintEditorCompileResults:Warning: Warning Pasted node  CustomEvent   conflicted with  elCryo  and was replaced as a Custom Event!
[2018.02.08-16.29.10:029][482]BlueprintEditorCompileResults:Warning: Warning Pasted node  CustomEvent   conflicted with  DoT  and was replaced as a Custom Event!
[2018.02.08-16.29.10:029][482]BlueprintEditorCompileResults:Warning: Warning Pasted node  CustomEvent   conflicted with  elFire  and was replaced as a Custom Event!
[2018.02.08-16.29.10:029][482]BlueprintEditorCompileResults:Warning: Warning Pasted node  CustomEvent   conflicted with  elFire  and was replaced as a Custom Event!
[2018.02.08-16.29.10:029][482]BlueprintEditorCompileResults:Warning: Warning Pasted node  CustomEvent_1   conflicted with  elShock  and was replaced as a Custom Event!
[2018.02.08-16.29.10:029][482]BlueprintEditorCompileResults:Warning: Warning Pasted node  CustomEvent   conflicted with  elCryo  and was replaced as a Custom Event!
[2018.02.08-16.29.14:967][942]BlueprintEditorCompileResults:Warning: Warning Pasted node  CustomEvent   conflicted with  DoT  and was replaced as a Custom Event!
[2018.02.08-16.29.14:967][942]BlueprintEditorCompileResults:Warning: Warning Pasted node  CustomEvent   conflicted with  elFire  and was replaced as a Custom Event!
[2018.02.08-16.29.14:967][942]BlueprintEditorCompileResults:Warning: Warning Pasted node  CustomEvent   conflicted with  elFire  and was replaced as a Custom Event!
[2018.02.08-16.29.14:967][942]BlueprintEditorCompileResults:Warning: Warning Pasted node  CustomEvent_1   conflicted with  elShock  and was replaced as a Custom Event!
[2018.02.08-16.29.14:967][942]BlueprintEditorCompileResults:Warning: Warning Pasted node  CustomEvent   conflicted with  elCryo  and was replaced as a Custom Event!
[2018.02.08-16.29.17:329][145]BlueprintEditorCompileResults:Warning: Warning Pasted node  CustomEvent   conflicted with  DoT  and was replaced as a Custom Event!
[2018.02.08-16.29.17:329][145]BlueprintEditorCompileResults:Warning: Warning Pasted node  CustomEvent   conflicted with  elFire  and was replaced as a Custom Event!
[2018.02.08-16.29.17:329][145]BlueprintEditorCompileResults:Warning: Warning Pasted node  CustomEvent   conflicted with  elFire  and was replaced as a Custom Event!
[2018.02.08-16.29.17:329][145]BlueprintEditorCompileResults:Warning: Warning Pasted node  CustomEvent_1   conflicted with  elShock  and was replaced as a Custom Event!
[2018.02.08-16.29.17:329][145]BlueprintEditorCompileResults:Warning: Warning Pasted node  CustomEvent   conflicted with  elCryo  and was replaced as a Custom Event!
[2018.02.08-16.30.03:370][255]BlueprintEditorCompileResults:Warning: Warning Pasted node  CustomEvent   conflicted with  DoT  and was replaced as a Custom Event!
[2018.02.08-16.30.03:370][255]BlueprintEditorCompileResults:Warning: Warning Pasted node  CustomEvent   conflicted with  elFire  and was replaced as a Custom Event!
[2018.02.08-16.30.03:370][255]BlueprintEditorCompileResults:Warning: Warning Pasted node  CustomEvent   conflicted with  elFire  and was replaced as a Custom Event!
[2018.02.08-16.30.03:370][255]BlueprintEditorCompileResults:Warning: Warning Pasted node  CustomEvent_1   conflicted with  elShock  and was replaced as a Custom Event!
[2018.02.08-16.30.03:370][255]BlueprintEditorCompileResults:Warning: Warning Pasted node  CustomEvent   conflicted with  elCryo  and was replaced as a Custom Event!
[2018.02.08-16.30.06:153][520]BlueprintEditorCompileResults:Warning: Warning Pasted node  CustomEvent   conflicted with  DoT  and was replaced as a Custom Event!
[2018.02.08-16.30.06:153][520]BlueprintEditorCompileResults:Warning: Warning Pasted node  CustomEvent   conflicted with  elFire  and was replaced as a Custom Event!
[2018.02.08-16.30.06:153][520]BlueprintEditorCompileResults:Warning: Warning Pasted node  CustomEvent   conflicted with  elFire  and was replaced as a Custom Event!
[2018.02.08-16.30.06:153][520]BlueprintEditorCompileResults:Warning: Warning Pasted node  CustomEvent_1   conflicted with  elShock  and was replaced as a Custom Event!
[2018.02.08-16.30.06:153][520]BlueprintEditorCompileResults:Warning: Warning Pasted node  CustomEvent   conflicted with  elCryo  and was replaced as a Custom Event!
[2018.02.08-16.30.09:376][815]BlueprintEditorCompileResults:Warning: Warning Pasted node  CustomEvent   conflicted with  DoT  and was replaced as a Custom Event!
[2018.02.08-16.30.09:377][815]BlueprintEditorCompileResults:Warning: Warning Pasted node  CustomEvent   conflicted with  elFire  and was replaced as a Custom Event!
[2018.02.08-16.30.09:377][815]BlueprintEditorCompileResults:Warning: Warning Pasted node  CustomEvent   conflicted with  elFire  and was replaced as a Custom Event!
[2018.02.08-16.30.09:377][815]BlueprintEditorCompileResults:Warning: Warning Pasted node  CustomEvent_1   conflicted with  elShock  and was replaced as a Custom Event!
[2018.02.08-16.30.09:377][815]BlueprintEditorCompileResults:Warning: Warning Pasted node  CustomEvent   conflicted with  elCryo  and was replaced as a Custom Event!
[2018.02.08-16.30.58:840][ 51]BlueprintEditorCompileResults:Warning: Warning Pasted node  CustomEvent   conflicted with  DoT  and was replaced as a Custom Event!
[2018.02.08-16.30.58:840][ 51]BlueprintEditorCompileResults:Warning: Warning Pasted node  CustomEvent   conflicted with  elFire  and was replaced as a Custom Event!
[2018.02.08-16.30.58:840][ 51]BlueprintEditorCompileResults:Warning: Warning Pasted node  CustomEvent   conflicted with  elFire  and was replaced as a Custom Event!
[2018.02.08-16.30.58:840][ 51]BlueprintEditorCompileResults:Warning: Warning Pasted node  CustomEvent_1   conflicted with  elShock  and was replaced as a Custom Event!
[2018.02.08-16.30.58:840][ 51]BlueprintEditorCompileResults:Warning: Warning Pasted node  CustomEvent   conflicted with  elCryo  and was replaced as a Custom Event!
[2018.02.08-16.31.11:121][132]BlueprintEditorCompileResults:Warning: Warning Pasted node  CustomEvent   conflicted with  DoT  and was replaced as a Custom Event!
[2018.02.08-16.31.11:121][132]BlueprintEditorCompileResults:Warning: Warning Pasted node  CustomEvent   conflicted with  elFire  and was replaced as a Custom Event!
[2018.02.08-16.31.11:121][132]BlueprintEditorCompileResults:Warning: Warning Pasted node  CustomEvent   conflicted with  elFire  and was replaced as a Custom Event!
[2018.02.08-16.31.11:121][132]BlueprintEditorCompileResults:Warning: Warning Pasted node  CustomEvent_1   conflicted with  elShock  and was replaced as a Custom Event!
[2018.02.08-16.31.11:121][132]BlueprintEditorCompileResults:Warning: Warning Pasted node  CustomEvent   conflicted with  elCryo  and was replaced as a Custom Event!
[2018.02.08-16.32.19:228][975]BlueprintEditorCompileResults:Warning: Warning Pasted node  CustomEvent   conflicted with  DoT  and was replaced as a Custom Event!
[2018.02.08-16.32.19:228][975]BlueprintEditorCompileResults:Warning: Warning Pasted node  CustomEvent   conflicted with  elFire  and was replaced as a Custom Event!
[2018.02.08-16.32.19:228][975]BlueprintEditorCompileResults:Warning: Warning Pasted node  CustomEvent   conflicted with  elFire  and was replaced as a Custom Event!
[2018.02.08-16.32.19:228][975]BlueprintEditorCompileResults:Warning: Warning Pasted node  CustomEvent_1   conflicted with  elShock  and was replaced as a Custom Event!
[2018.02.08-16.32.19:228][975]BlueprintEditorCompileResults:Warning: Warning Pasted node  CustomEvent   conflicted with  elCryo  and was replaced as a Custom Event!
[2018.02.08-16.32.26:846][700]BlueprintEditorCompileResults:Warning: Warning Pasted node  CustomEvent   conflicted with  DoT  and was replaced as a Custom Event!
[2018.02.08-16.32.26:846][700]BlueprintEditorCompileResults:Warning: Warning Pasted node  CustomEvent   conflicted with  elFire  and was replaced as a Custom Event!
[2018.02.08-16.32.26:846][700]BlueprintEditorCompileResults:Warning: Warning Pasted node  CustomEvent   conflicted with  elFire  and was replaced as a Custom Event!
[2018.02.08-16.32.26:846][700]BlueprintEditorCompileResults:Warning: Warning Pasted node  CustomEvent_1   conflicted with  elShock  and was replaced as a Custom Event!
[2018.02.08-16.32.26:846][700]BlueprintEditorCompileResults:Warning: Warning Pasted node  CustomEvent   conflicted with  elCryo  and was replaced as a Custom Event!
[2018.02.08-16.32.28:856][886]BlueprintEditorCompileResults:Warning: Warning Pasted node  CustomEvent   conflicted with  DoT  and was replaced as a Custom Event!
[2018.02.08-16.32.28:856][886]BlueprintEditorCompileResults:Warning: Warning Pasted node  CustomEvent   conflicted with  elFire  and was replaced as a Custom Event!
[2018.02.08-16.32.28:856][886]BlueprintEditorCompileResults:Warning: Warning Pasted node  CustomEvent   conflicted with  elFire  and was replaced as a Custom Event!
[2018.02.08-16.32.28:856][886]BlueprintEditorCompileResults:Warning: Warning Pasted node  CustomEvent_1   conflicted with  elShock  and was replaced as a Custom Event!
[2018.02.08-16.32.28:856][886]BlueprintEditorCompileResults:Warning: Warning Pasted node  CustomEvent   conflicted with  elCryo  and was replaced as a Custom Event!
[2018.02.08-16.32.30:089][990]BlueprintEditorCompileResults:Warning: Warning Pasted node  CustomEvent   conflicted with  DoT  and was replaced as a Custom Event!
[2018.02.08-16.32.30:089][990]BlueprintEditorCompileResults:Warning: Warning Pasted node  CustomEvent   conflicted with  elFire  and was replaced as a Custom Event!
[2018.02.08-16.32.30:089][990]BlueprintEditorCompileResults:Warning: Warning Pasted node  CustomEvent   conflicted with  elFire  and was replaced as a Custom Event!
[2018.02.08-16.32.30:089][990]BlueprintEditorCompileResults:Warning: Warning Pasted node  CustomEvent_1   conflicted with  elShock  and was replaced as a Custom Event!
[2018.02.08-16.32.30:089][990]BlueprintEditorCompileResults:Warning: Warning Pasted node  CustomEvent   conflicted with  elCryo  and was replaced as a Custom Event!
[2018.02.08-16.33.10:726][107]BlueprintEditorCompileResults:Warning: Warning Pasted node  CustomEvent   conflicted with  DoT  and was replaced as a Custom Event!
[2018.02.08-16.33.10:726][107]BlueprintEditorCompileResults:Warning: Warning Pasted node  CustomEvent   conflicted with  elFire  and was replaced as a Custom Event!
[2018.02.08-16.33.10:726][107]BlueprintEditorCompileResults:Warning: Warning Pasted node  CustomEvent   conflicted with  elFire  and was replaced as a Custom Event!
[2018.02.08-16.33.10:726][107]BlueprintEditorCompileResults:Warning: Warning Pasted node  CustomEvent_1   conflicted with  elShock  and was replaced as a Custom Event!
[2018.02.08-16.33.10:726][107]BlueprintEditorCompileResults:Warning: Warning Pasted node  CustomEvent   conflicted with  elCryo  and was replaced as a Custom Event!
[2018.02.08-16.33.18:383][710]BlueprintEditorCompileResults:Warning: Warning Pasted node  CustomEvent   conflicted with  DoT  and was replaced as a Custom Event!
[2018.02.08-16.33.18:383][710]BlueprintEditorCompileResults:Warning: Warning Pasted node  CustomEvent   conflicted with  elFire  and was replaced as a Custom Event!
[2018.02.08-16.33.18:383][710]BlueprintEditorCompileResults:Warning: Warning Pasted node  CustomEvent   conflicted with  elFire  and was replaced as a Custom Event!
[2018.02.08-16.33.18:383][710]BlueprintEditorCompileResults:Warning: Warning Pasted node  CustomEvent_1   conflicted with  elShock  and was replaced as a Custom Event!
[2018.02.08-16.33.18:383][710]BlueprintEditorCompileResults:Warning: Warning Pasted node  CustomEvent   conflicted with  elCryo  and was replaced as a Custom Event!
[2018.02.08-16.33.23:424][100]BlueprintEditorCompileResults:Warning: Warning Pasted node  CustomEvent   conflicted with  DoT  and was replaced as a Custom Event!
[2018.02.08-16.33.23:424][100]BlueprintEditorCompileResults:Warning: Warning Pasted node  CustomEvent   conflicted with  elFire  and was replaced as a Custom Event!
[2018.02.08-16.33.23:424][100]BlueprintEditorCompileResults:Warning: Warning Pasted node  CustomEvent   conflicted with  elFire  and was replaced as a Custom Event!
[2018.02.08-16.33.23:424][100]BlueprintEditorCompileResults:Warning: Warning Pasted node  CustomEvent_1   conflicted with  elShock  and was replaced as a Custom Event!
[2018.02.08-16.33.23:424][100]BlueprintEditorCompileResults:Warning: Warning Pasted node  CustomEvent   conflicted with  elCryo  and was replaced as a Custom Event!
[2018.02.08-16.33.46:220][395]BlueprintLog: New page: Compile baseCharacter
[2018.02.08-16.33.46:265][395]LogBlueprint:Error: [Compiler baseCharacter] Error Could not find a pin for the parameter amount of dealDamage on  Deal Damage
[2018.02.08-16.33.46:265][395]LogBlueprint:Error: [Compiler baseCharacter] Error Could not find a pin for the parameter type of dealDamage on  Deal Damage
[2018.02.08-16.33.46:265][395]LogBlueprint:Error: [Compiler baseCharacter] Error Pin  New Param 2  named NewParam2 doesn't match any parameters of function dealDamage
[2018.02.08-16.33.46:265][395]LogBlueprint:Error: [Compiler baseCharacter] Error Pin  New Param  named NewParam doesn't match any parameters of function dealDamage
[2018.02.08-16.33.46:265][395]LogBlueprint:Error: [Compiler baseCharacter] Error Could not find a pin for the parameter amount of dealDamage on  Deal Damage
[2018.02.08-16.33.46:265][395]LogBlueprint:Error: [Compiler baseCharacter] Error Could not find a pin for the parameter type of dealDamage on  Deal Damage
[2018.02.08-16.33.46:265][395]LogBlueprint:Error: [Compiler baseCharacter] Error Pin  New Param 2  named NewParam2 doesn't match any parameters of function dealDamage
[2018.02.08-16.33.46:265][395]LogBlueprint:Error: [Compiler baseCharacter] Error Pin  New Param  named NewParam doesn't match any parameters of function dealDamage
[2018.02.08-16.33.46:265][395]LogBlueprint:Error: [Compiler baseCharacter] Error Could not find a pin for the parameter amount of dealDamage on  Deal Damage
[2018.02.08-16.33.46:266][395]LogBlueprint:Error: [Compiler baseCharacter] Error Could not find a pin for the parameter type of dealDamage on  Deal Damage
[2018.02.08-16.33.46:266][395]LogBlueprint:Error: [Compiler baseCharacter] Error Pin  New Param 2  named NewParam2 doesn't match any parameters of function dealDamage
[2018.02.08-16.33.46:266][395]LogBlueprint:Error: [Compiler baseCharacter] Error Pin  New Param  named NewParam doesn't match any parameters of function dealDamage
[2018.02.08-16.33.46:266][395]LogBlueprint:Error: [Compiler baseCharacter] Error Could not find a pin for the parameter amount of dealDamage on  Deal Damage
[2018.02.08-16.33.46:266][395]LogBlueprint:Error: [Compiler baseCharacter] Error Could not find a pin for the parameter type of dealDamage on  Deal Damage
[2018.02.08-16.33.46:266][395]LogBlueprint:Error: [Compiler baseCharacter] Error Pin  New Param 2  named NewParam2 doesn't match any parameters of function dealDamage
[2018.02.08-16.33.46:266][395]LogBlueprint:Error: [Compiler baseCharacter] Error Pin  New Param  named NewParam doesn't match any parameters of function dealDamage
[2018.02.08-16.33.46:720][395]BlueprintEditorCompileResults: Info No value will be returned by reference. Parameter 'damage'. Node:  Event Affect Health
[2018.02.08-16.33.46:720][395]BlueprintEditorCompileResults:Error: Error Could not find a pin for the parameter amount of dealDamage on  Deal Damage
[2018.02.08-16.33.46:720][395]BlueprintEditorCompileResults:Error: Error Could not find a pin for the parameter type of dealDamage on  Deal Damage
[2018.02.08-16.33.46:720][395]BlueprintEditorCompileResults:Error: Error Pin  New Param 2  named NewParam2 doesn't match any parameters of function dealDamage
[2018.02.08-16.33.46:720][395]BlueprintEditorCompileResults:Error: Error Pin  New Param  named NewParam doesn't match any parameters of function dealDamage
[2018.02.08-16.33.46:720][395]BlueprintEditorCompileResults:Error: Error Could not find a pin for the parameter amount of dealDamage on  Deal Damage
[2018.02.08-16.33.46:720][395]BlueprintEditorCompileResults:Error: Error Could not find a pin for the parameter type of dealDamage on  Deal Damage
[2018.02.08-16.33.46:720][395]BlueprintEditorCompileResults:Error: Error Pin  New Param 2  named NewParam2 doesn't match any parameters of function dealDamage
[2018.02.08-16.33.46:720][395]BlueprintEditorCompileResults:Error: Error Pin  New Param  named NewParam doesn't match any parameters of function dealDamage
[2018.02.08-16.33.46:721][395]BlueprintEditorCompileResults:Error: Error Could not find a pin for the parameter amount of dealDamage on  Deal Damage
[2018.02.08-16.33.46:721][395]BlueprintEditorCompileResults:Error: Error Could not find a pin for the parameter type of dealDamage on  Deal Damage
[2018.02.08-16.33.46:721][395]BlueprintEditorCompileResults:Error: Error Pin  New Param 2  named NewParam2 doesn't match any parameters of function dealDamage
[2018.02.08-16.33.46:721][395]BlueprintEditorCompileResults:Error: Error Pin  New Param  named NewParam doesn't match any parameters of function dealDamage
[2018.02.08-16.33.46:721][395]BlueprintEditorCompileResults:Error: Error Could not find a pin for the parameter amount of dealDamage on  Deal Damage
[2018.02.08-16.33.46:721][395]BlueprintEditorCompileResults:Error: Error Could not find a pin for the parameter type of dealDamage on  Deal Damage
[2018.02.08-16.33.46:721][395]BlueprintEditorCompileResults:Error: Error Pin  New Param 2  named NewParam2 doesn't match any parameters of function dealDamage
[2018.02.08-16.33.46:721][395]BlueprintEditorCompileResults:Error: Error Pin  New Param  named NewParam doesn't match any parameters of function dealDamage
[2018.02.08-16.33.46:721][395]LogBlueprint:Warning: [Compiler baseCharacter] Warning [4471.73] Compile of baseCharacter failed. 16 Fatal Issue(s) 0 Warning(s) [in 500 ms] (/Game/BDL/Max/genGun/baseCharacter.baseCharacter)
[2018.02.08-16.34.06:904][311]BlueprintLog: New page: Compile baseCharacter
[2018.02.08-16.34.06:946][311]LogBlueprint:Error: [Compiler baseCharacter] Error Could not find a pin for the parameter amount of dealDamage on  Deal Damage
[2018.02.08-16.34.06:946][311]LogBlueprint:Error: [Compiler baseCharacter] Error Could not find a pin for the parameter type of dealDamage on  Deal Damage
[2018.02.08-16.34.06:946][311]LogBlueprint:Error: [Compiler baseCharacter] Error Pin  New Param 2  named NewParam2 doesn't match any parameters of function dealDamage
[2018.02.08-16.34.06:946][311]LogBlueprint:Error: [Compiler baseCharacter] Error Pin  New Param  named NewParam doesn't match any parameters of function dealDamage
[2018.02.08-16.34.06:946][311]LogBlueprint:Error: [Compiler baseCharacter] Error Could not find a pin for the parameter amount of dealDamage on  Deal Damage
[2018.02.08-16.34.06:946][311]LogBlueprint:Error: [Compiler baseCharacter] Error Could not find a pin for the parameter type of dealDamage on  Deal Damage
[2018.02.08-16.34.06:946][311]LogBlueprint:Error: [Compiler baseCharacter] Error Pin  New Param 2  named NewParam2 doesn't match any parameters of function dealDamage
[2018.02.08-16.34.06:946][311]LogBlueprint:Error: [Compiler baseCharacter] Error Pin  New Param  named NewParam doesn't match any parameters of function dealDamage
[2018.02.08-16.34.06:946][311]LogBlueprint:Error: [Compiler baseCharacter] Error Could not find a pin for the parameter amount of dealDamage on  Deal Damage
[2018.02.08-16.34.06:946][311]LogBlueprint:Error: [Compiler baseCharacter] Error Could not find a pin for the parameter type of dealDamage on  Deal Damage
[2018.02.08-16.34.06:946][311]LogBlueprint:Error: [Compiler baseCharacter] Error Pin  New Param 2  named NewParam2 doesn't match any parameters of function dealDamage
[2018.02.08-16.34.06:946][311]LogBlueprint:Error: [Compiler baseCharacter] Error Pin  New Param  named NewParam doesn't match any parameters of function dealDamage
[2018.02.08-16.34.06:946][311]LogBlueprint:Error: [Compiler baseCharacter] Error Could not find a pin for the parameter amount of dealDamage on  Deal Damage
[2018.02.08-16.34.06:946][311]LogBlueprint:Error: [Compiler baseCharacter] Error Could not find a pin for the parameter type of dealDamage on  Deal Damage
[2018.02.08-16.34.06:946][311]LogBlueprint:Error: [Compiler baseCharacter] Error Pin  New Param 2  named NewParam2 doesn't match any parameters of function dealDamage
[2018.02.08-16.34.06:947][311]LogBlueprint:Error: [Compiler baseCharacter] Error Pin  New Param  named NewParam doesn't match any parameters of function dealDamage
[2018.02.08-16.34.07:220][311]BlueprintEditorCompileResults: Info No value will be returned by reference. Parameter 'damage'. Node:  Event Affect Health
[2018.02.08-16.34.07:220][311]BlueprintEditorCompileResults:Error: Error Could not find a pin for the parameter amount of dealDamage on  Deal Damage
[2018.02.08-16.34.07:220][311]BlueprintEditorCompileResults:Error: Error Could not find a pin for the parameter type of dealDamage on  Deal Damage
[2018.02.08-16.34.07:220][311]BlueprintEditorCompileResults:Error: Error Pin  New Param 2  named NewParam2 doesn't match any parameters of function dealDamage
[2018.02.08-16.34.07:220][311]BlueprintEditorCompileResults:Error: Error Pin  New Param  named NewParam doesn't match any parameters of function dealDamage
[2018.02.08-16.34.07:220][311]BlueprintEditorCompileResults:Error: Error Could not find a pin for the parameter amount of dealDamage on  Deal Damage
[2018.02.08-16.34.07:221][311]BlueprintEditorCompileResults:Error: Error Could not find a pin for the parameter type of dealDamage on  Deal Damage
[2018.02.08-16.34.07:221][311]BlueprintEditorCompileResults:Error: Error Pin  New Param 2  named NewParam2 doesn't match any parameters of function dealDamage
[2018.02.08-16.34.07:221][311]BlueprintEditorCompileResults:Error: Error Pin  New Param  named NewParam doesn't match any parameters of function dealDamage
[2018.02.08-16.34.07:221][311]BlueprintEditorCompileResults:Error: Error Could not find a pin for the parameter amount of dealDamage on  Deal Damage
[2018.02.08-16.34.07:221][311]BlueprintEditorCompileResults:Error: Error Could not find a pin for the parameter type of dealDamage on  Deal Damage
[2018.02.08-16.34.07:221][311]BlueprintEditorCompileResults:Error: Error Pin  New Param 2  named NewParam2 doesn't match any parameters of function dealDamage
[2018.02.08-16.34.07:221][311]BlueprintEditorCompileResults:Error: Error Pin  New Param  named NewParam doesn't match any parameters of function dealDamage
[2018.02.08-16.34.07:221][311]BlueprintEditorCompileResults:Error: Error Could not find a pin for the parameter amount of dealDamage on  Deal Damage
[2018.02.08-16.34.07:221][311]BlueprintEditorCompileResults:Error: Error Could not find a pin for the parameter type of dealDamage on  Deal Damage
[2018.02.08-16.34.07:221][311]BlueprintEditorCompileResults:Error: Error Pin  New Param 2  named NewParam2 doesn't match any parameters of function dealDamage
[2018.02.08-16.34.07:221][311]BlueprintEditorCompileResults:Error: Error Pin  New Param  named NewParam doesn't match any parameters of function dealDamage
[2018.02.08-16.34.07:221][311]LogBlueprint:Warning: [Compiler baseCharacter] Warning [4492.24] Compile of baseCharacter failed. 16 Fatal Issue(s) 0 Warning(s) [in 316 ms] (/Game/BDL/Max/genGun/baseCharacter.baseCharacter)
[2018.02.08-16.34.08:165][393]Cmd: OBJ SAVEPACKAGE PACKAGE="/Game/BDL/Max/genGun/baseCharacter" FILE="../../../../../../Users/s6088054/Documents/GitHub/Journeyman/Content/BDL/Max/genGun/baseCharacter.uasset" SILENT=true
[2018.02.08-16.34.08:423][393]LogSavePackage: Save=210.64ms
[2018.02.08-16.34.08:423][393]LogSavePackage: Moving '../../../../../../Users/s6088054/Documents/GitHub/Journeyman/Saved/baseCharacter6138D7E64E4CD76FA53666B89B3B4E8D.tmp' to '../../../../../../Users/s6088054/Documents/GitHub/Journeyman/Content/BDL/Max/genGun/baseCharacter.uasset'
[2018.02.08-16.34.08:430][393]LogSavePackage:Display: Finished SavePackage ../../../../../../Users/s6088054/Documents/GitHub/Journeyman/Content/BDL/Max/genGun/baseCharacter.uasset
[2018.02.08-16.35.09:038][333]Cmd: OBJ SAVEPACKAGE PACKAGE="/Game/BDL/Max/genGun/baseCharacter" FILE="../../../../../../Users/s6088054/Documents/GitHub/Journeyman/Content/BDL/Max/genGun/baseCharacter.uasset" SILENT=true
[2018.02.08-16.35.09:238][333]LogSavePackage: Save=195.63ms
[2018.02.08-16.35.09:239][333]LogSavePackage: Moving '../../../../../../Users/s6088054/Documents/GitHub/Journeyman/Saved/baseCharacterD3C15F844AD6CC2C15A7C9A448F417C8.tmp' to '../../../../../../Users/s6088054/Documents/GitHub/Journeyman/Content/BDL/Max/genGun/baseCharacter.uasset'
[2018.02.08-16.35.09:244][333]LogSavePackage:Display: Finished SavePackage ../../../../../../Users/s6088054/Documents/GitHub/Journeyman/Content/BDL/Max/genGun/baseCharacter.uasset
[2018.02.08-16.35.10:384][394]BlueprintLog: New page: Compile baseCharacter
[2018.02.08-16.35.10:577][394]BlueprintEditorCompileResults: Info No value will be returned by reference. Parameter 'damage'. Node:  Event Affect Health
[2018.02.08-16.35.11:551][438]Cmd: OBJ SAVEPACKAGE PACKAGE="/Game/BDL/Max/genGun/baseCharacter" FILE="../../../../../../Users/s6088054/Documents/GitHub/Journeyman/Content/BDL/Max/genGun/baseCharacter.uasset" SILENT=true
[2018.02.08-16.35.11:766][438]LogSavePackage: Save=209.25ms
[2018.02.08-16.35.11:766][438]LogSavePackage: Moving '../../../../../../Users/s6088054/Documents/GitHub/Journeyman/Saved/baseCharacter5039F8CB40EA0E80450EB89623E67159.tmp' to '../../../../../../Users/s6088054/Documents/GitHub/Journeyman/Content/BDL/Max/genGun/baseCharacter.uasset'
[2018.02.08-16.35.11:768][438]LogSavePackage:Display: Finished SavePackage ../../../../../../Users/s6088054/Documents/GitHub/Journeyman/Content/BDL/Max/genGun/baseCharacter.uasset
[2018.02.08-16.51.56:716][773]Cmd: OBJ SAVEPACKAGE PACKAGE="/Game/BDL/Max/genGun/baseCharacter" FILE="../../../../../../Users/s6088054/Documents/GitHub/Journeyman/Content/BDL/Max/genGun/baseCharacter.uasset" SILENT=true
[2018.02.08-16.51.56:947][773]LogSavePackage: Save=211.40ms
[2018.02.08-16.51.56:947][773]LogSavePackage: Moving '../../../../../../Users/s6088054/Documents/GitHub/Journeyman/Saved/baseCharacter05FCA79E4AF4F651470BB588DD4AAEBD.tmp' to '../../../../../../Users/s6088054/Documents/GitHub/Journeyman/Content/BDL/Max/genGun/baseCharacter.uasset'
[2018.02.08-16.51.56:950][773]LogSavePackage:Display: Finished SavePackage ../../../../../../Users/s6088054/Documents/GitHub/Journeyman/Content/BDL/Max/genGun/baseCharacter.uasset
[2018.02.08-16.52.08:791][ 63]SourceControl: Info fatal: C:/Program Files/Epic Games/UE_4.16/Engine/Content/: 'C:/Program Files/Epic Games/UE_4.16/Engine/Content/' is outside repository
[2018.02.08-16.52.14:370][ 63]LogSourceControl: FGitCheckInWorker: commit successful
[2018.02.08-16.52.14:458][ 63]SourceControl: Info [02/06-max-gunGenCont a049e33] yo
[2018.02.08-16.52.14:458][ 63]SourceControl: Info  3 files changed, 0 insertions(+), 0 deletions(-)
[2018.02.08-16.52.14:458][ 63]SourceControl: Info  rewrite Content/BDL/Max/genGun/baseCharacter.uasset (90%)
[2018.02.08-16.52.14:458][ 63]SourceControl: Info  delete mode 100644 Content/BDL/Max/genGun/test.uasset
[2018.02.08-16.52.14:468][ 63]SourceControl: Info Commited [02/06-max-gunGenCont a049e33] yo.
